{"/Users/bricepelle/Projects/ob-appsync-events-client/lib/appsync-events-client.ts": {"path":"/Users/bricepelle/Projects/ob-appsync-events-client/lib/appsync-events-client.ts","all":false,"statementMap":{"1":{"start":{"line":2,"column":0},"end":{"line":2,"column":68}},"184":{"start":{"line":185,"column":0},"end":{"line":185,"column":61}},"185":{"start":{"line":186,"column":0},"end":{"line":186,"column":53}},"186":{"start":{"line":187,"column":0},"end":{"line":187,"column":46}},"187":{"start":{"line":188,"column":0},"end":{"line":188,"column":46}},"188":{"start":{"line":189,"column":0},"end":{"line":189,"column":45}},"189":{"start":{"line":190,"column":0},"end":{"line":190,"column":37}},"190":{"start":{"line":191,"column":0},"end":{"line":191,"column":1}},"199":{"start":{"line":200,"column":0},"end":{"line":200,"column":50}},"200":{"start":{"line":201,"column":0},"end":{"line":201,"column":25}},"201":{"start":{"line":202,"column":0},"end":{"line":202,"column":73}},"202":{"start":{"line":203,"column":0},"end":{"line":203,"column":1}},"205":{"start":{"line":206,"column":0},"end":{"line":206,"column":26}},"206":{"start":{"line":207,"column":0},"end":{"line":207,"column":95}},"226":{"start":{"line":227,"column":0},"end":{"line":227,"column":86}},"234":{"start":{"line":235,"column":0},"end":{"line":235,"column":34}},"236":{"start":{"line":237,"column":0},"end":{"line":237,"column":37}},"239":{"start":{"line":240,"column":0},"end":{"line":240,"column":62}},"242":{"start":{"line":243,"column":0},"end":{"line":243,"column":29}},"244":{"start":{"line":245,"column":0},"end":{"line":245,"column":26}},"245":{"start":{"line":246,"column":0},"end":{"line":246,"column":27}},"246":{"start":{"line":247,"column":0},"end":{"line":247,"column":3}},"248":{"start":{"line":249,"column":0},"end":{"line":249,"column":23}},"249":{"start":{"line":250,"column":0},"end":{"line":250,"column":36}},"250":{"start":{"line":251,"column":0},"end":{"line":251,"column":3}},"253":{"start":{"line":254,"column":0},"end":{"line":254,"column":31}},"256":{"start":{"line":257,"column":0},"end":{"line":257,"column":64}},"259":{"start":{"line":260,"column":0},"end":{"line":260,"column":43}},"262":{"start":{"line":263,"column":0},"end":{"line":263,"column":41}},"268":{"start":{"line":269,"column":0},"end":{"line":269,"column":29}},"269":{"start":{"line":270,"column":0},"end":{"line":270,"column":29}},"270":{"start":{"line":271,"column":0},"end":{"line":271,"column":42}},"271":{"start":{"line":272,"column":0},"end":{"line":272,"column":44}},"273":{"start":{"line":274,"column":0},"end":{"line":274,"column":42}},"274":{"start":{"line":275,"column":0},"end":{"line":275,"column":41}},"275":{"start":{"line":276,"column":0},"end":{"line":276,"column":41}},"276":{"start":{"line":277,"column":0},"end":{"line":277,"column":55}},"277":{"start":{"line":278,"column":0},"end":{"line":278,"column":5}},"279":{"start":{"line":280,"column":0},"end":{"line":280,"column":58}},"280":{"start":{"line":281,"column":0},"end":{"line":281,"column":3}},"288":{"start":{"line":289,"column":0},"end":{"line":289,"column":14}},"289":{"start":{"line":290,"column":0},"end":{"line":290,"column":42}},"290":{"start":{"line":291,"column":0},"end":{"line":291,"column":44}},"291":{"start":{"line":292,"column":0},"end":{"line":292,"column":6}},"300":{"start":{"line":301,"column":0},"end":{"line":301,"column":34}},"301":{"start":{"line":302,"column":0},"end":{"line":302,"column":30}},"302":{"start":{"line":303,"column":0},"end":{"line":303,"column":49}},"303":{"start":{"line":304,"column":0},"end":{"line":304,"column":5}},"304":{"start":{"line":305,"column":0},"end":{"line":305,"column":37}},"305":{"start":{"line":306,"column":0},"end":{"line":306,"column":27}},"306":{"start":{"line":307,"column":0},"end":{"line":307,"column":54}},"307":{"start":{"line":308,"column":0},"end":{"line":308,"column":38}},"308":{"start":{"line":309,"column":0},"end":{"line":309,"column":46}},"309":{"start":{"line":310,"column":0},"end":{"line":310,"column":30}},"310":{"start":{"line":311,"column":0},"end":{"line":311,"column":5}},"311":{"start":{"line":312,"column":0},"end":{"line":312,"column":59}},"312":{"start":{"line":313,"column":0},"end":{"line":313,"column":3}},"314":{"start":{"line":315,"column":0},"end":{"line":315,"column":58}},"315":{"start":{"line":316,"column":0},"end":{"line":316,"column":29}},"316":{"start":{"line":317,"column":0},"end":{"line":317,"column":69}},"317":{"start":{"line":318,"column":0},"end":{"line":318,"column":5}},"318":{"start":{"line":319,"column":0},"end":{"line":319,"column":3}},"328":{"start":{"line":329,"column":0},"end":{"line":329,"column":56}},"329":{"start":{"line":330,"column":0},"end":{"line":330,"column":26}},"330":{"start":{"line":331,"column":0},"end":{"line":331,"column":28}},"331":{"start":{"line":332,"column":0},"end":{"line":332,"column":5}},"332":{"start":{"line":333,"column":0},"end":{"line":333,"column":62}},"333":{"start":{"line":334,"column":0},"end":{"line":334,"column":47}},"334":{"start":{"line":335,"column":0},"end":{"line":335,"column":13}},"335":{"start":{"line":336,"column":0},"end":{"line":336,"column":43}},"336":{"start":{"line":337,"column":0},"end":{"line":337,"column":73}},"337":{"start":{"line":338,"column":0},"end":{"line":338,"column":22}},"338":{"start":{"line":339,"column":0},"end":{"line":339,"column":12}},"339":{"start":{"line":340,"column":0},"end":{"line":340,"column":94}},"341":{"start":{"line":342,"column":0},"end":{"line":342,"column":34}},"342":{"start":{"line":343,"column":0},"end":{"line":343,"column":79}},"343":{"start":{"line":344,"column":0},"end":{"line":344,"column":57}},"344":{"start":{"line":345,"column":0},"end":{"line":345,"column":37}},"345":{"start":{"line":346,"column":0},"end":{"line":346,"column":40}},"346":{"start":{"line":347,"column":0},"end":{"line":347,"column":27}},"347":{"start":{"line":348,"column":0},"end":{"line":348,"column":13}},"348":{"start":{"line":349,"column":0},"end":{"line":349,"column":11}},"350":{"start":{"line":351,"column":0},"end":{"line":351,"column":40}},"351":{"start":{"line":352,"column":0},"end":{"line":352,"column":67}},"352":{"start":{"line":353,"column":0},"end":{"line":353,"column":36}},"353":{"start":{"line":354,"column":0},"end":{"line":354,"column":34}},"354":{"start":{"line":355,"column":0},"end":{"line":355,"column":11}},"356":{"start":{"line":357,"column":0},"end":{"line":357,"column":47}},"357":{"start":{"line":358,"column":0},"end":{"line":358,"column":52}},"358":{"start":{"line":359,"column":0},"end":{"line":359,"column":25}},"359":{"start":{"line":360,"column":0},"end":{"line":360,"column":11}},"361":{"start":{"line":362,"column":0},"end":{"line":362,"column":56}},"362":{"start":{"line":363,"column":0},"end":{"line":363,"column":17}},"363":{"start":{"line":364,"column":0},"end":{"line":364,"column":71}},"364":{"start":{"line":365,"column":0},"end":{"line":365,"column":44}},"365":{"start":{"line":366,"column":0},"end":{"line":366,"column":40}},"366":{"start":{"line":367,"column":0},"end":{"line":367,"column":64}},"367":{"start":{"line":368,"column":0},"end":{"line":368,"column":52}},"368":{"start":{"line":369,"column":0},"end":{"line":369,"column":62}},"369":{"start":{"line":370,"column":0},"end":{"line":370,"column":51}},"370":{"start":{"line":371,"column":0},"end":{"line":371,"column":52}},"371":{"start":{"line":372,"column":0},"end":{"line":372,"column":41}},"372":{"start":{"line":373,"column":0},"end":{"line":373,"column":15}},"373":{"start":{"line":374,"column":0},"end":{"line":374,"column":29}},"374":{"start":{"line":375,"column":0},"end":{"line":375,"column":61}},"375":{"start":{"line":376,"column":0},"end":{"line":376,"column":13}},"376":{"start":{"line":377,"column":0},"end":{"line":377,"column":11}},"377":{"start":{"line":378,"column":0},"end":{"line":378,"column":25}},"378":{"start":{"line":379,"column":0},"end":{"line":379,"column":23}},"379":{"start":{"line":380,"column":0},"end":{"line":380,"column":9}},"380":{"start":{"line":381,"column":0},"end":{"line":381,"column":8}},"381":{"start":{"line":382,"column":0},"end":{"line":382,"column":6}},"382":{"start":{"line":383,"column":0},"end":{"line":383,"column":26}},"383":{"start":{"line":384,"column":0},"end":{"line":384,"column":3}},"389":{"start":{"line":390,"column":0},"end":{"line":390,"column":35}},"390":{"start":{"line":391,"column":0},"end":{"line":391,"column":61}},"391":{"start":{"line":392,"column":0},"end":{"line":392,"column":30}},"392":{"start":{"line":393,"column":0},"end":{"line":393,"column":75}},"393":{"start":{"line":394,"column":0},"end":{"line":394,"column":60}},"395":{"start":{"line":396,"column":0},"end":{"line":396,"column":24}},"396":{"start":{"line":397,"column":0},"end":{"line":397,"column":85}},"397":{"start":{"line":398,"column":0},"end":{"line":398,"column":15}},"398":{"start":{"line":399,"column":0},"end":{"line":399,"column":12}},"399":{"start":{"line":400,"column":0},"end":{"line":400,"column":56}},"400":{"start":{"line":401,"column":0},"end":{"line":401,"column":5}},"401":{"start":{"line":402,"column":0},"end":{"line":402,"column":3}},"408":{"start":{"line":409,"column":0},"end":{"line":409,"column":62}},"409":{"start":{"line":410,"column":0},"end":{"line":410,"column":43}},"410":{"start":{"line":411,"column":0},"end":{"line":411,"column":3}},"417":{"start":{"line":418,"column":0},"end":{"line":418,"column":81}},"418":{"start":{"line":419,"column":0},"end":{"line":419,"column":59}},"419":{"start":{"line":420,"column":0},"end":{"line":420,"column":24}},"420":{"start":{"line":421,"column":0},"end":{"line":421,"column":12}},"421":{"start":{"line":422,"column":0},"end":{"line":422,"column":5}},"422":{"start":{"line":423,"column":0},"end":{"line":423,"column":67}},"423":{"start":{"line":424,"column":0},"end":{"line":424,"column":72}},"424":{"start":{"line":425,"column":0},"end":{"line":425,"column":41}},"425":{"start":{"line":426,"column":0},"end":{"line":426,"column":3}},"432":{"start":{"line":433,"column":0},"end":{"line":433,"column":84}},"433":{"start":{"line":434,"column":0},"end":{"line":434,"column":59}},"434":{"start":{"line":435,"column":0},"end":{"line":435,"column":24}},"435":{"start":{"line":436,"column":0},"end":{"line":436,"column":12}},"436":{"start":{"line":437,"column":0},"end":{"line":437,"column":5}},"437":{"start":{"line":438,"column":0},"end":{"line":438,"column":50}},"438":{"start":{"line":439,"column":0},"end":{"line":439,"column":29}},"439":{"start":{"line":440,"column":0},"end":{"line":440,"column":28}},"440":{"start":{"line":441,"column":0},"end":{"line":441,"column":21}},"441":{"start":{"line":442,"column":0},"end":{"line":442,"column":54}},"442":{"start":{"line":443,"column":0},"end":{"line":443,"column":69}},"443":{"start":{"line":444,"column":0},"end":{"line":444,"column":5}},"444":{"start":{"line":445,"column":0},"end":{"line":445,"column":46}},"445":{"start":{"line":446,"column":0},"end":{"line":446,"column":3}},"452":{"start":{"line":453,"column":0},"end":{"line":453,"column":66}},"453":{"start":{"line":454,"column":0},"end":{"line":454,"column":59}},"454":{"start":{"line":455,"column":0},"end":{"line":455,"column":47}},"455":{"start":{"line":456,"column":0},"end":{"line":456,"column":60}},"456":{"start":{"line":457,"column":0},"end":{"line":457,"column":12}},"457":{"start":{"line":458,"column":0},"end":{"line":458,"column":5}},"458":{"start":{"line":459,"column":0},"end":{"line":459,"column":77}},"459":{"start":{"line":460,"column":0},"end":{"line":460,"column":52}},"460":{"start":{"line":461,"column":0},"end":{"line":461,"column":3}},"471":{"start":{"line":472,"column":0},"end":{"line":472,"column":57}},"472":{"start":{"line":473,"column":0},"end":{"line":473,"column":40}},"473":{"start":{"line":474,"column":0},"end":{"line":474,"column":51}},"474":{"start":{"line":475,"column":0},"end":{"line":475,"column":5}},"476":{"start":{"line":477,"column":0},"end":{"line":477,"column":33}},"477":{"start":{"line":478,"column":0},"end":{"line":478,"column":79}},"478":{"start":{"line":479,"column":0},"end":{"line":479,"column":5}},"480":{"start":{"line":481,"column":0},"end":{"line":481,"column":47}},"481":{"start":{"line":482,"column":0},"end":{"line":482,"column":65}},"482":{"start":{"line":483,"column":0},"end":{"line":483,"column":5}},"484":{"start":{"line":485,"column":0},"end":{"line":485,"column":60}},"485":{"start":{"line":486,"column":0},"end":{"line":486,"column":30}},"486":{"start":{"line":487,"column":0},"end":{"line":487,"column":22}},"487":{"start":{"line":488,"column":0},"end":{"line":488,"column":14}},"488":{"start":{"line":489,"column":0},"end":{"line":489,"column":49}},"489":{"start":{"line":490,"column":0},"end":{"line":490,"column":49}},"490":{"start":{"line":491,"column":0},"end":{"line":491,"column":5}},"492":{"start":{"line":493,"column":0},"end":{"line":493,"column":48}},"493":{"start":{"line":494,"column":0},"end":{"line":494,"column":3}},"502":{"start":{"line":503,"column":0},"end":{"line":503,"column":41}},"503":{"start":{"line":504,"column":0},"end":{"line":504,"column":24}},"504":{"start":{"line":505,"column":0},"end":{"line":505,"column":12}},"505":{"start":{"line":506,"column":0},"end":{"line":506,"column":29}},"506":{"start":{"line":507,"column":0},"end":{"line":507,"column":36}},"507":{"start":{"line":508,"column":0},"end":{"line":508,"column":63}},"508":{"start":{"line":509,"column":0},"end":{"line":509,"column":16}},"509":{"start":{"line":510,"column":0},"end":{"line":510,"column":3}},"522":{"start":{"line":523,"column":0},"end":{"line":523,"column":34}},"523":{"start":{"line":524,"column":0},"end":{"line":524,"column":17}},"524":{"start":{"line":525,"column":0},"end":{"line":525,"column":32}},"525":{"start":{"line":526,"column":0},"end":{"line":526,"column":28}},"526":{"start":{"line":527,"column":0},"end":{"line":527,"column":5}},"527":{"start":{"line":528,"column":0},"end":{"line":528,"column":24}},"528":{"start":{"line":529,"column":0},"end":{"line":529,"column":53}},"529":{"start":{"line":530,"column":0},"end":{"line":530,"column":54}},"530":{"start":{"line":531,"column":0},"end":{"line":531,"column":21}},"531":{"start":{"line":532,"column":0},"end":{"line":532,"column":48}},"532":{"start":{"line":533,"column":0},"end":{"line":533,"column":7}},"534":{"start":{"line":535,"column":0},"end":{"line":535,"column":54}},"535":{"start":{"line":536,"column":0},"end":{"line":536,"column":34}},"536":{"start":{"line":537,"column":0},"end":{"line":537,"column":13}},"537":{"start":{"line":538,"column":0},"end":{"line":538,"column":30}},"538":{"start":{"line":539,"column":0},"end":{"line":539,"column":21}},"539":{"start":{"line":540,"column":0},"end":{"line":540,"column":17}},"540":{"start":{"line":541,"column":0},"end":{"line":541,"column":16}},"541":{"start":{"line":542,"column":0},"end":{"line":542,"column":15}},"542":{"start":{"line":543,"column":0},"end":{"line":543,"column":8}},"543":{"start":{"line":544,"column":0},"end":{"line":544,"column":66}},"544":{"start":{"line":545,"column":0},"end":{"line":545,"column":26}},"545":{"start":{"line":546,"column":0},"end":{"line":546,"column":11}},"546":{"start":{"line":547,"column":0},"end":{"line":547,"column":22}},"547":{"start":{"line":548,"column":0},"end":{"line":548,"column":22}},"548":{"start":{"line":549,"column":0},"end":{"line":549,"column":7}},"549":{"start":{"line":550,"column":0},"end":{"line":550,"column":53}},"550":{"start":{"line":551,"column":0},"end":{"line":551,"column":6}},"551":{"start":{"line":552,"column":0},"end":{"line":552,"column":3}},"559":{"start":{"line":560,"column":0},"end":{"line":560,"column":53}},"560":{"start":{"line":561,"column":0},"end":{"line":561,"column":40}},"561":{"start":{"line":562,"column":0},"end":{"line":562,"column":51}},"562":{"start":{"line":563,"column":0},"end":{"line":563,"column":5}},"564":{"start":{"line":565,"column":0},"end":{"line":565,"column":68}},"565":{"start":{"line":566,"column":0},"end":{"line":566,"column":26}},"566":{"start":{"line":567,"column":0},"end":{"line":567,"column":25}},"567":{"start":{"line":568,"column":0},"end":{"line":568,"column":5}},"569":{"start":{"line":570,"column":0},"end":{"line":570,"column":52}},"570":{"start":{"line":571,"column":0},"end":{"line":571,"column":45}},"571":{"start":{"line":572,"column":0},"end":{"line":572,"column":3}},"578":{"start":{"line":579,"column":0},"end":{"line":579,"column":29}},"579":{"start":{"line":580,"column":0},"end":{"line":580,"column":18}},"580":{"start":{"line":581,"column":0},"end":{"line":581,"column":21}},"581":{"start":{"line":582,"column":0},"end":{"line":582,"column":32}},"582":{"start":{"line":583,"column":0},"end":{"line":583,"column":30}},"583":{"start":{"line":584,"column":0},"end":{"line":584,"column":5}},"584":{"start":{"line":585,"column":0},"end":{"line":585,"column":3}},"585":{"start":{"line":586,"column":0},"end":{"line":586,"column":1}}},"s":{"1":1,"184":11,"185":11,"186":11,"187":11,"188":11,"189":11,"190":11,"199":1,"200":1,"201":1,"202":1,"205":1,"206":1,"226":1,"234":1,"236":1,"239":1,"242":1,"244":1,"245":1,"246":1,"248":1,"249":0,"250":0,"253":1,"256":1,"259":1,"262":1,"268":1,"269":11,"270":11,"271":11,"273":11,"274":0,"275":0,"276":0,"277":0,"279":11,"280":11,"288":1,"289":12,"290":12,"291":12,"300":1,"301":18,"302":16,"303":16,"304":2,"305":2,"306":2,"307":1,"308":1,"309":1,"310":1,"311":0,"312":18,"314":1,"315":39,"316":0,"317":0,"318":39,"328":1,"329":16,"330":5,"331":5,"332":11,"333":11,"334":11,"335":11,"336":11,"337":11,"338":11,"339":11,"341":11,"342":11,"343":11,"344":11,"345":11,"346":11,"347":11,"348":11,"350":11,"351":11,"352":11,"353":11,"354":11,"356":11,"357":0,"358":0,"359":0,"361":11,"362":7,"363":7,"364":7,"365":2,"366":7,"367":4,"368":5,"369":1,"370":1,"371":0,"372":0,"373":7,"374":0,"375":0,"376":7,"377":11,"378":0,"379":0,"380":11,"381":11,"382":11,"383":16,"389":1,"390":11,"391":11,"392":11,"393":11,"395":11,"396":0,"397":11,"398":11,"399":0,"400":0,"401":11,"408":1,"409":0,"410":0,"417":1,"418":1,"419":1,"420":0,"421":0,"422":1,"423":1,"424":1,"425":1,"432":1,"433":4,"434":4,"435":0,"436":0,"437":4,"438":4,"439":4,"440":4,"441":4,"442":4,"443":4,"444":4,"445":4,"452":1,"453":2,"454":2,"455":1,"456":1,"457":1,"458":1,"459":1,"460":2,"471":1,"472":2,"473":0,"474":0,"476":2,"477":0,"478":0,"480":2,"481":0,"482":0,"484":2,"485":2,"486":2,"487":2,"488":2,"489":2,"490":2,"492":2,"493":2,"502":1,"503":1,"504":1,"505":1,"506":1,"507":1,"508":1,"509":1,"522":1,"523":5,"524":5,"525":5,"526":5,"527":5,"528":5,"529":5,"530":5,"531":0,"532":0,"534":5,"535":5,"536":5,"537":5,"538":5,"539":5,"540":5,"541":5,"542":5,"543":5,"544":5,"545":5,"546":5,"547":5,"548":5,"549":5,"550":5,"551":5,"559":1,"560":2,"561":0,"562":0,"564":2,"565":2,"566":2,"567":2,"569":2,"570":2,"571":2,"578":1,"579":1,"580":1,"581":1,"582":1,"583":1,"584":1,"585":1},"branchMap":{"0":{"type":"branch","line":185,"loc":{"start":{"line":185,"column":0},"end":{"line":191,"column":1}},"locations":[{"start":{"line":185,"column":0},"end":{"line":191,"column":1}}]},"1":{"type":"branch","line":200,"loc":{"start":{"line":200,"column":0},"end":{"line":203,"column":1}},"locations":[{"start":{"line":200,"column":0},"end":{"line":203,"column":1}}]},"2":{"type":"branch","line":202,"loc":{"start":{"line":202,"column":53},"end":{"line":202,"column":73}},"locations":[{"start":{"line":202,"column":53},"end":{"line":202,"column":73}}]},"3":{"type":"branch","line":227,"loc":{"start":{"line":227,"column":22},"end":{"line":227,"column":86}},"locations":[{"start":{"line":227,"column":22},"end":{"line":227,"column":86}}]},"4":{"type":"branch","line":289,"loc":{"start":{"line":289,"column":2},"end":{"line":292,"column":6}},"locations":[{"start":{"line":289,"column":2},"end":{"line":292,"column":6}}]},"5":{"type":"branch","line":269,"loc":{"start":{"line":269,"column":2},"end":{"line":281,"column":3}},"locations":[{"start":{"line":269,"column":2},"end":{"line":281,"column":3}}]},"6":{"type":"branch","line":274,"loc":{"start":{"line":274,"column":41},"end":{"line":278,"column":5}},"locations":[{"start":{"line":274,"column":41},"end":{"line":278,"column":5}}]},"7":{"type":"branch","line":301,"loc":{"start":{"line":301,"column":2},"end":{"line":313,"column":3}},"locations":[{"start":{"line":301,"column":2},"end":{"line":313,"column":3}}]},"8":{"type":"branch","line":302,"loc":{"start":{"line":302,"column":29},"end":{"line":304,"column":5}},"locations":[{"start":{"line":302,"column":29},"end":{"line":304,"column":5}}]},"9":{"type":"branch","line":304,"loc":{"start":{"line":304,"column":4},"end":{"line":311,"column":5}},"locations":[{"start":{"line":304,"column":4},"end":{"line":311,"column":5}}]},"10":{"type":"branch","line":307,"loc":{"start":{"line":307,"column":46},"end":{"line":308,"column":38}},"locations":[{"start":{"line":307,"column":46},"end":{"line":308,"column":38}}]},"11":{"type":"branch","line":308,"loc":{"start":{"line":308,"column":25},"end":{"line":309,"column":46}},"locations":[{"start":{"line":308,"column":25},"end":{"line":309,"column":46}}]},"12":{"type":"branch","line":309,"loc":{"start":{"line":309,"column":45},"end":{"line":311,"column":5}},"locations":[{"start":{"line":309,"column":45},"end":{"line":311,"column":5}}]},"13":{"type":"branch","line":311,"loc":{"start":{"line":311,"column":4},"end":{"line":312,"column":59}},"locations":[{"start":{"line":311,"column":4},"end":{"line":312,"column":59}}]},"14":{"type":"branch","line":315,"loc":{"start":{"line":315,"column":10},"end":{"line":319,"column":3}},"locations":[{"start":{"line":315,"column":10},"end":{"line":319,"column":3}}]},"15":{"type":"branch","line":316,"loc":{"start":{"line":316,"column":28},"end":{"line":318,"column":5}},"locations":[{"start":{"line":316,"column":28},"end":{"line":318,"column":5}}]},"16":{"type":"branch","line":329,"loc":{"start":{"line":329,"column":2},"end":{"line":384,"column":3}},"locations":[{"start":{"line":329,"column":2},"end":{"line":384,"column":3}}]},"17":{"type":"branch","line":330,"loc":{"start":{"line":330,"column":25},"end":{"line":332,"column":5}},"locations":[{"start":{"line":330,"column":25},"end":{"line":332,"column":5}}]},"18":{"type":"branch","line":332,"loc":{"start":{"line":332,"column":4},"end":{"line":383,"column":26}},"locations":[{"start":{"line":332,"column":4},"end":{"line":383,"column":26}}]},"19":{"type":"branch","line":333,"loc":{"start":{"line":333,"column":49},"end":{"line":382,"column":5}},"locations":[{"start":{"line":333,"column":49},"end":{"line":382,"column":5}}]},"20":{"type":"branch","line":334,"loc":{"start":{"line":334,"column":25},"end":{"line":381,"column":7}},"locations":[{"start":{"line":334,"column":25},"end":{"line":381,"column":7}}]},"21":{"type":"branch","line":378,"loc":{"start":{"line":378,"column":8},"end":{"line":380,"column":9}},"locations":[{"start":{"line":378,"column":8},"end":{"line":380,"column":9}}]},"22":{"type":"branch","line":342,"loc":{"start":{"line":342,"column":27},"end":{"line":349,"column":11}},"locations":[{"start":{"line":342,"column":27},"end":{"line":349,"column":11}}]},"23":{"type":"branch","line":351,"loc":{"start":{"line":351,"column":28},"end":{"line":355,"column":11}},"locations":[{"start":{"line":351,"column":28},"end":{"line":355,"column":11}}]},"24":{"type":"branch","line":362,"loc":{"start":{"line":362,"column":30},"end":{"line":377,"column":11}},"locations":[{"start":{"line":362,"column":30},"end":{"line":377,"column":11}}]},"25":{"type":"branch","line":365,"loc":{"start":{"line":365,"column":43},"end":{"line":367,"column":25}},"locations":[{"start":{"line":365,"column":43},"end":{"line":367,"column":25}}]},"26":{"type":"branch","line":367,"loc":{"start":{"line":367,"column":14},"end":{"line":373,"column":15}},"locations":[{"start":{"line":367,"column":14},"end":{"line":373,"column":15}}]},"27":{"type":"branch","line":367,"loc":{"start":{"line":367,"column":63},"end":{"line":369,"column":25}},"locations":[{"start":{"line":367,"column":63},"end":{"line":369,"column":25}}]},"28":{"type":"branch","line":369,"loc":{"start":{"line":369,"column":14},"end":{"line":373,"column":15}},"locations":[{"start":{"line":369,"column":14},"end":{"line":373,"column":15}}]},"29":{"type":"branch","line":371,"loc":{"start":{"line":371,"column":14},"end":{"line":373,"column":15}},"locations":[{"start":{"line":371,"column":14},"end":{"line":373,"column":15}}]},"30":{"type":"branch","line":374,"loc":{"start":{"line":374,"column":12},"end":{"line":376,"column":13}},"locations":[{"start":{"line":374,"column":12},"end":{"line":376,"column":13}}]},"31":{"type":"branch","line":390,"loc":{"start":{"line":390,"column":10},"end":{"line":402,"column":3}},"locations":[{"start":{"line":390,"column":10},"end":{"line":402,"column":3}}]},"32":{"type":"branch","line":399,"loc":{"start":{"line":399,"column":4},"end":{"line":401,"column":5}},"locations":[{"start":{"line":399,"column":4},"end":{"line":401,"column":5}}]},"33":{"type":"branch","line":418,"loc":{"start":{"line":418,"column":10},"end":{"line":426,"column":3}},"locations":[{"start":{"line":418,"column":10},"end":{"line":426,"column":3}}]},"34":{"type":"branch","line":420,"loc":{"start":{"line":420,"column":23},"end":{"line":422,"column":5}},"locations":[{"start":{"line":420,"column":23},"end":{"line":422,"column":5}}]},"35":{"type":"branch","line":424,"loc":{"start":{"line":424,"column":57},"end":{"line":424,"column":69}},"locations":[{"start":{"line":424,"column":57},"end":{"line":424,"column":69}}]},"36":{"type":"branch","line":433,"loc":{"start":{"line":433,"column":10},"end":{"line":446,"column":3}},"locations":[{"start":{"line":433,"column":10},"end":{"line":446,"column":3}}]},"37":{"type":"branch","line":435,"loc":{"start":{"line":435,"column":23},"end":{"line":437,"column":5}},"locations":[{"start":{"line":435,"column":23},"end":{"line":437,"column":5}}]},"38":{"type":"branch","line":442,"loc":{"start":{"line":442,"column":19},"end":{"line":442,"column":54}},"locations":[{"start":{"line":442,"column":19},"end":{"line":442,"column":54}}]},"39":{"type":"branch","line":453,"loc":{"start":{"line":453,"column":10},"end":{"line":461,"column":3}},"locations":[{"start":{"line":453,"column":10},"end":{"line":461,"column":3}}]},"40":{"type":"branch","line":455,"loc":{"start":{"line":455,"column":9},"end":{"line":455,"column":46}},"locations":[{"start":{"line":455,"column":9},"end":{"line":455,"column":46}}]},"41":{"type":"branch","line":455,"loc":{"start":{"line":455,"column":46},"end":{"line":460,"column":52}},"locations":[{"start":{"line":455,"column":46},"end":{"line":460,"column":52}}]},"42":{"type":"branch","line":472,"loc":{"start":{"line":472,"column":2},"end":{"line":494,"column":3}},"locations":[{"start":{"line":472,"column":2},"end":{"line":494,"column":3}}]},"43":{"type":"branch","line":473,"loc":{"start":{"line":473,"column":39},"end":{"line":475,"column":5}},"locations":[{"start":{"line":473,"column":39},"end":{"line":475,"column":5}}]},"44":{"type":"branch","line":477,"loc":{"start":{"line":477,"column":32},"end":{"line":479,"column":5}},"locations":[{"start":{"line":477,"column":32},"end":{"line":479,"column":5}}]},"45":{"type":"branch","line":481,"loc":{"start":{"line":481,"column":46},"end":{"line":483,"column":5}},"locations":[{"start":{"line":481,"column":46},"end":{"line":483,"column":5}}]},"46":{"type":"branch","line":489,"loc":{"start":{"line":489,"column":23},"end":{"line":489,"column":47}},"locations":[{"start":{"line":489,"column":23},"end":{"line":489,"column":47}}]},"47":{"type":"branch","line":503,"loc":{"start":{"line":503,"column":2},"end":{"line":510,"column":3}},"locations":[{"start":{"line":503,"column":2},"end":{"line":510,"column":3}}]},"48":{"type":"branch","line":508,"loc":{"start":{"line":508,"column":15},"end":{"line":508,"column":63}},"locations":[{"start":{"line":508,"column":15},"end":{"line":508,"column":63}}]},"49":{"type":"branch","line":523,"loc":{"start":{"line":523,"column":2},"end":{"line":552,"column":3}},"locations":[{"start":{"line":523,"column":2},"end":{"line":552,"column":3}}]},"50":{"type":"branch","line":530,"loc":{"start":{"line":530,"column":32},"end":{"line":551,"column":5}},"locations":[{"start":{"line":530,"column":32},"end":{"line":551,"column":5}}]},"51":{"type":"branch","line":531,"loc":{"start":{"line":531,"column":20},"end":{"line":533,"column":7}},"locations":[{"start":{"line":531,"column":20},"end":{"line":533,"column":7}}]},"52":{"type":"branch","line":535,"loc":{"start":{"line":535,"column":17},"end":{"line":535,"column":54}},"locations":[{"start":{"line":535,"column":17},"end":{"line":535,"column":54}}]},"53":{"type":"branch","line":560,"loc":{"start":{"line":560,"column":10},"end":{"line":572,"column":3}},"locations":[{"start":{"line":560,"column":10},"end":{"line":572,"column":3}}]},"54":{"type":"branch","line":561,"loc":{"start":{"line":561,"column":39},"end":{"line":563,"column":5}},"locations":[{"start":{"line":561,"column":39},"end":{"line":563,"column":5}}]},"55":{"type":"branch","line":579,"loc":{"start":{"line":579,"column":9},"end":{"line":585,"column":3}},"locations":[{"start":{"line":579,"column":9},"end":{"line":585,"column":3}}]}},"b":{"0":[11],"1":[1],"2":[0],"3":[11],"4":[12],"5":[11],"6":[0],"7":[18],"8":[16],"9":[2],"10":[1],"11":[1],"12":[1],"13":[0],"14":[39],"15":[0],"16":[16],"17":[5],"18":[11],"19":[11],"20":[11],"21":[0],"22":[11],"23":[11],"24":[7],"25":[2],"26":[5],"27":[4],"28":[1],"29":[0],"30":[0],"31":[11],"32":[0],"33":[1],"34":[0],"35":[0],"36":[4],"37":[0],"38":[2],"39":[2],"40":[1],"41":[1],"42":[2],"43":[0],"44":[0],"45":[0],"46":[2],"47":[1],"48":[1],"49":[5],"50":[5],"51":[0],"52":[3],"53":[2],"54":[0],"55":[1]},"fnMap":{"0":{"name":"getAuthProtocol","decl":{"start":{"line":185,"column":0},"end":{"line":191,"column":1}},"loc":{"start":{"line":185,"column":0},"end":{"line":191,"column":1}},"line":185},"1":{"name":"errorsToString","decl":{"start":{"line":200,"column":0},"end":{"line":203,"column":1}},"loc":{"start":{"line":200,"column":0},"end":{"line":203,"column":1}},"line":200},"2":{"name":"isEventDomain","decl":{"start":{"line":227,"column":22},"end":{"line":227,"column":86}},"loc":{"start":{"line":227,"column":22},"end":{"line":227,"column":86}},"line":227},"3":{"name":"AppSyncEventsClient","decl":{"start":{"line":289,"column":2},"end":{"line":292,"column":6}},"loc":{"start":{"line":289,"column":2},"end":{"line":292,"column":6}},"line":289},"4":{"name":"get status","decl":{"start":{"line":249,"column":2},"end":{"line":251,"column":3}},"loc":{"start":{"line":249,"column":2},"end":{"line":251,"column":3}},"line":249},"5":{"name":"get realTimeUrl","decl":{"start":{"line":269,"column":2},"end":{"line":281,"column":3}},"loc":{"start":{"line":269,"column":2},"end":{"line":281,"column":3}},"line":269},"6":{"name":"getAuthHeaders","decl":{"start":{"line":301,"column":2},"end":{"line":313,"column":3}},"loc":{"start":{"line":301,"column":2},"end":{"line":313,"column":3}},"line":301},"7":{"name":"debug","decl":{"start":{"line":315,"column":10},"end":{"line":319,"column":3}},"loc":{"start":{"line":315,"column":10},"end":{"line":319,"column":3}},"line":315},"8":{"name":"connect","decl":{"start":{"line":329,"column":2},"end":{"line":384,"column":3}},"loc":{"start":{"line":329,"column":2},"end":{"line":384,"column":3}},"line":329},"9":{"name":"ws.onopen","decl":{"start":{"line":342,"column":27},"end":{"line":349,"column":11}},"loc":{"start":{"line":342,"column":27},"end":{"line":349,"column":11}},"line":342},"10":{"name":"ws.onclose","decl":{"start":{"line":351,"column":28},"end":{"line":355,"column":11}},"loc":{"start":{"line":351,"column":28},"end":{"line":355,"column":11}},"line":351},"11":{"name":"ws.onerror","decl":{"start":{"line":357,"column":28},"end":{"line":360,"column":11}},"loc":{"start":{"line":357,"column":28},"end":{"line":360,"column":11}},"line":357},"12":{"name":"ws.onmessage","decl":{"start":{"line":362,"column":30},"end":{"line":377,"column":11}},"loc":{"start":{"line":362,"column":30},"end":{"line":377,"column":11}},"line":362},"13":{"name":"handleReconnect","decl":{"start":{"line":390,"column":10},"end":{"line":402,"column":3}},"loc":{"start":{"line":390,"column":10},"end":{"line":402,"column":3}},"line":390},"14":{"name":"handleError","decl":{"start":{"line":409,"column":10},"end":{"line":411,"column":3}},"loc":{"start":{"line":409,"column":10},"end":{"line":411,"column":3}},"line":409},"15":{"name":"handlerSubscribeError","decl":{"start":{"line":418,"column":10},"end":{"line":426,"column":3}},"loc":{"start":{"line":418,"column":10},"end":{"line":426,"column":3}},"line":418},"16":{"name":"handleSubscribeSuccess","decl":{"start":{"line":433,"column":10},"end":{"line":446,"column":3}},"loc":{"start":{"line":433,"column":10},"end":{"line":446,"column":3}},"line":433},"17":{"name":"unsubscribe","decl":{"start":{"line":442,"column":19},"end":{"line":442,"column":54}},"loc":{"start":{"line":442,"column":19},"end":{"line":442,"column":54}},"line":442},"18":{"name":"publish","decl":{"start":{"line":443,"column":15},"end":{"line":443,"column":69}},"loc":{"start":{"line":443,"column":15},"end":{"line":443,"column":69}},"line":443},"19":{"name":"handleData","decl":{"start":{"line":453,"column":10},"end":{"line":461,"column":3}},"loc":{"start":{"line":453,"column":10},"end":{"line":461,"column":3}},"line":453},"20":{"name":"publish","decl":{"start":{"line":472,"column":2},"end":{"line":494,"column":3}},"loc":{"start":{"line":472,"column":2},"end":{"line":494,"column":3}},"line":472},"21":{"name":"getChannel","decl":{"start":{"line":503,"column":2},"end":{"line":510,"column":3}},"loc":{"start":{"line":503,"column":2},"end":{"line":510,"column":3}},"line":503},"22":{"name":"unsubscribe","decl":{"start":{"line":507,"column":19},"end":{"line":507,"column":36}},"loc":{"start":{"line":507,"column":19},"end":{"line":507,"column":36}},"line":507},"23":{"name":"publish","decl":{"start":{"line":508,"column":15},"end":{"line":508,"column":63}},"loc":{"start":{"line":508,"column":15},"end":{"line":508,"column":63}},"line":508},"24":{"name":"subscribe","decl":{"start":{"line":523,"column":2},"end":{"line":552,"column":3}},"loc":{"start":{"line":523,"column":2},"end":{"line":552,"column":3}},"line":523},"25":{"name":"unsubscribe","decl":{"start":{"line":560,"column":10},"end":{"line":572,"column":3}},"loc":{"start":{"line":560,"column":10},"end":{"line":572,"column":3}},"line":560},"26":{"name":"disconnect","decl":{"start":{"line":579,"column":9},"end":{"line":585,"column":3}},"loc":{"start":{"line":579,"column":9},"end":{"line":585,"column":3}},"line":579}},"f":{"0":11,"1":1,"2":11,"3":12,"4":0,"5":11,"6":18,"7":39,"8":16,"9":11,"10":11,"11":0,"12":7,"13":11,"14":0,"15":1,"16":4,"17":2,"18":0,"19":2,"20":2,"21":1,"22":0,"23":1,"24":5,"25":2,"26":1}}
,"/Users/bricepelle/Projects/ob-appsync-events-client/lib/main.ts": {"path":"/Users/bricepelle/Projects/ob-appsync-events-client/lib/main.ts","all":true,"statementMap":{"0":{"start":{"line":1,"column":0},"end":{"line":1,"column":39}},"1":{"start":{"line":2,"column":0},"end":{"line":2,"column":29}}},"s":{"0":0,"1":0},"branchMap":{"0":{"type":"branch","line":1,"loc":{"start":{"line":1,"column":0},"end":{"line":2,"column":-1}},"locations":[{"start":{"line":1,"column":0},"end":{"line":2,"column":-1}}]}},"b":{"0":[0]},"fnMap":{"0":{"name":"(empty-report)","decl":{"start":{"line":1,"column":0},"end":{"line":2,"column":-1}},"loc":{"start":{"line":1,"column":0},"end":{"line":2,"column":-1}},"line":1}},"f":{"0":0}}
,"/Users/bricepelle/Projects/ob-appsync-events-client/lib/react-hooks.ts": {"path":"/Users/bricepelle/Projects/ob-appsync-events-client/lib/react-hooks.ts","all":false,"statementMap":{"0":{"start":{"line":1,"column":0},"end":{"line":1,"column":51}},"12":{"start":{"line":13,"column":0},"end":{"line":13,"column":36}},"13":{"start":{"line":14,"column":0},"end":{"line":14,"column":30}},"14":{"start":{"line":15,"column":0},"end":{"line":15,"column":15}},"15":{"start":{"line":16,"column":0},"end":{"line":16,"column":31}},"16":{"start":{"line":17,"column":0},"end":{"line":17,"column":23}},"17":{"start":{"line":18,"column":0},"end":{"line":18,"column":47}},"18":{"start":{"line":19,"column":0},"end":{"line":19,"column":38}},"19":{"start":{"line":20,"column":0},"end":{"line":20,"column":47}},"22":{"start":{"line":23,"column":0},"end":{"line":23,"column":19}},"23":{"start":{"line":24,"column":0},"end":{"line":24,"column":34}},"24":{"start":{"line":25,"column":0},"end":{"line":25,"column":16}},"26":{"start":{"line":27,"column":0},"end":{"line":27,"column":19}},"28":{"start":{"line":29,"column":0},"end":{"line":29,"column":27}},"29":{"start":{"line":30,"column":0},"end":{"line":30,"column":12}},"30":{"start":{"line":31,"column":0},"end":{"line":31,"column":5}},"32":{"start":{"line":33,"column":0},"end":{"line":33,"column":24}},"34":{"start":{"line":35,"column":0},"end":{"line":35,"column":42}},"35":{"start":{"line":36,"column":0},"end":{"line":36,"column":22}},"36":{"start":{"line":37,"column":0},"end":{"line":37,"column":36}},"37":{"start":{"line":38,"column":0},"end":{"line":38,"column":24}},"38":{"start":{"line":39,"column":0},"end":{"line":39,"column":14}},"39":{"start":{"line":40,"column":0},"end":{"line":40,"column":29}},"40":{"start":{"line":41,"column":0},"end":{"line":41,"column":25}},"41":{"start":{"line":42,"column":0},"end":{"line":42,"column":7}},"42":{"start":{"line":43,"column":0},"end":{"line":43,"column":5}},"44":{"start":{"line":45,"column":0},"end":{"line":45,"column":20}},"45":{"start":{"line":46,"column":0},"end":{"line":46,"column":12}},"46":{"start":{"line":47,"column":0},"end":{"line":47,"column":25}},"47":{"start":{"line":48,"column":0},"end":{"line":48,"column":21}},"48":{"start":{"line":49,"column":0},"end":{"line":49,"column":27}},"49":{"start":{"line":50,"column":0},"end":{"line":50,"column":75}},"50":{"start":{"line":51,"column":0},"end":{"line":51,"column":10}},"51":{"start":{"line":52,"column":0},"end":{"line":52,"column":12}},"52":{"start":{"line":53,"column":0},"end":{"line":53,"column":43}},"53":{"start":{"line":54,"column":0},"end":{"line":54,"column":47}},"54":{"start":{"line":55,"column":0},"end":{"line":55,"column":35}},"55":{"start":{"line":56,"column":0},"end":{"line":56,"column":9}},"56":{"start":{"line":57,"column":0},"end":{"line":57,"column":7}},"58":{"start":{"line":59,"column":0},"end":{"line":59,"column":12}},"59":{"start":{"line":60,"column":0},"end":{"line":60,"column":43}},"60":{"start":{"line":61,"column":0},"end":{"line":61,"column":21}},"61":{"start":{"line":62,"column":0},"end":{"line":62,"column":27}},"62":{"start":{"line":63,"column":0},"end":{"line":63,"column":71}},"63":{"start":{"line":64,"column":0},"end":{"line":64,"column":10}},"64":{"start":{"line":65,"column":0},"end":{"line":65,"column":5}},"67":{"start":{"line":68,"column":0},"end":{"line":68,"column":18}},"68":{"start":{"line":69,"column":0},"end":{"line":69,"column":23}},"70":{"start":{"line":71,"column":0},"end":{"line":71,"column":31}},"71":{"start":{"line":72,"column":0},"end":{"line":72,"column":40}},"72":{"start":{"line":73,"column":0},"end":{"line":73,"column":38}},"73":{"start":{"line":74,"column":0},"end":{"line":74,"column":25}},"74":{"start":{"line":75,"column":0},"end":{"line":75,"column":7}},"75":{"start":{"line":76,"column":0},"end":{"line":76,"column":5}},"76":{"start":{"line":77,"column":0},"end":{"line":77,"column":64}},"83":{"start":{"line":84,"column":0},"end":{"line":84,"column":28}},"84":{"start":{"line":85,"column":0},"end":{"line":85,"column":40}},"85":{"start":{"line":86,"column":0},"end":{"line":86,"column":74}},"86":{"start":{"line":87,"column":0},"end":{"line":87,"column":57}},"87":{"start":{"line":88,"column":0},"end":{"line":88,"column":3}},"89":{"start":{"line":90,"column":0},"end":{"line":90,"column":27}},"90":{"start":{"line":91,"column":0},"end":{"line":91,"column":1}}},"s":{"0":1,"12":1,"13":11,"14":11,"15":11,"16":11,"17":11,"18":11,"19":11,"22":11,"23":7,"24":11,"26":11,"28":5,"29":0,"30":0,"32":5,"34":5,"35":5,"36":5,"37":5,"38":5,"39":0,"40":0,"41":0,"42":5,"44":5,"45":2,"46":2,"47":2,"48":2,"49":0,"50":2,"51":5,"52":3,"53":2,"54":2,"55":2,"56":2,"58":3,"59":3,"60":3,"61":3,"62":0,"63":3,"64":3,"67":5,"68":5,"70":5,"71":5,"72":5,"73":5,"74":5,"75":5,"76":11,"83":11,"84":11,"85":11,"86":11,"87":11,"89":11,"90":11},"branchMap":{"0":{"type":"branch","line":13,"loc":{"start":{"line":13,"column":7},"end":{"line":91,"column":1}},"locations":[{"start":{"line":13,"column":7},"end":{"line":91,"column":1}}]},"1":{"type":"branch","line":85,"loc":{"start":{"line":85,"column":19},"end":{"line":85,"column":34}},"locations":[{"start":{"line":85,"column":19},"end":{"line":85,"column":34}}]},"2":{"type":"branch","line":85,"loc":{"start":{"line":85,"column":28},"end":{"line":85,"column":40}},"locations":[{"start":{"line":85,"column":28},"end":{"line":85,"column":40}}]},"3":{"type":"branch","line":23,"loc":{"start":{"line":23,"column":12},"end":{"line":25,"column":5}},"locations":[{"start":{"line":23,"column":12},"end":{"line":25,"column":5}}]},"4":{"type":"branch","line":27,"loc":{"start":{"line":27,"column":12},"end":{"line":77,"column":5}},"locations":[{"start":{"line":27,"column":12},"end":{"line":77,"column":5}}]},"5":{"type":"branch","line":29,"loc":{"start":{"line":29,"column":26},"end":{"line":31,"column":5}},"locations":[{"start":{"line":29,"column":26},"end":{"line":31,"column":5}}]},"6":{"type":"branch","line":45,"loc":{"start":{"line":45,"column":19},"end":{"line":52,"column":11}},"locations":[{"start":{"line":45,"column":19},"end":{"line":52,"column":11}}]},"7":{"type":"branch","line":52,"loc":{"start":{"line":52,"column":4},"end":{"line":65,"column":5}},"locations":[{"start":{"line":52,"column":4},"end":{"line":65,"column":5}}]},"8":{"type":"branch","line":35,"loc":{"start":{"line":35,"column":19},"end":{"line":43,"column":5}},"locations":[{"start":{"line":35,"column":19},"end":{"line":43,"column":5}}]},"9":{"type":"branch","line":39,"loc":{"start":{"line":39,"column":6},"end":{"line":42,"column":7}},"locations":[{"start":{"line":39,"column":6},"end":{"line":42,"column":7}}]},"10":{"type":"branch","line":53,"loc":{"start":{"line":53,"column":29},"end":{"line":57,"column":7}},"locations":[{"start":{"line":53,"column":29},"end":{"line":57,"column":7}}]},"11":{"type":"branch","line":68,"loc":{"start":{"line":68,"column":11},"end":{"line":76,"column":5}},"locations":[{"start":{"line":68,"column":11},"end":{"line":76,"column":5}}]}},"b":{"0":[11],"1":[6],"2":[5],"3":[7],"4":[5],"5":[0],"6":[2],"7":[3],"8":[5],"9":[0],"10":[2],"11":[5]},"fnMap":{"0":{"name":"useChannel","decl":{"start":{"line":13,"column":7},"end":{"line":91,"column":1}},"loc":{"start":{"line":13,"column":7},"end":{"line":91,"column":1}},"line":13},"1":{"name":"handle","decl":{"start":{"line":35,"column":19},"end":{"line":43,"column":5}},"loc":{"start":{"line":35,"column":19},"end":{"line":43,"column":5}},"line":35},"2":{"name":"handleCallback","decl":{"start":{"line":53,"column":29},"end":{"line":57,"column":7}},"loc":{"start":{"line":53,"column":29},"end":{"line":57,"column":7}},"line":53},"3":{"name":"publish","decl":{"start":{"line":86,"column":13},"end":{"line":86,"column":74}},"loc":{"start":{"line":86,"column":13},"end":{"line":86,"column":74}},"line":86},"4":{"name":"unsubscribe","decl":{"start":{"line":87,"column":17},"end":{"line":87,"column":57}},"loc":{"start":{"line":87,"column":17},"end":{"line":87,"column":57}},"line":87}},"f":{"0":11,"1":5,"2":2,"3":0,"4":0}}
,"/Users/bricepelle/Projects/ob-appsync-events-client/src/App.tsx": {"path":"/Users/bricepelle/Projects/ob-appsync-events-client/src/App.tsx","all":true,"statementMap":{"0":{"start":{"line":1,"column":0},"end":{"line":1,"column":32}},"1":{"start":{"line":2,"column":0},"end":{"line":2,"column":42}},"2":{"start":{"line":3,"column":0},"end":{"line":3,"column":32}},"3":{"start":{"line":4,"column":0},"end":{"line":4,"column":18}},"4":{"start":{"line":5,"column":0},"end":{"line":5,"column":61}},"7":{"start":{"line":8,"column":0},"end":{"line":8,"column":76}},"8":{"start":{"line":9,"column":0},"end":{"line":9,"column":39}},"13":{"start":{"line":14,"column":0},"end":{"line":14,"column":14}},"14":{"start":{"line":15,"column":0},"end":{"line":15,"column":2}},"15":{"start":{"line":16,"column":0},"end":{"line":16,"column":16}},"16":{"start":{"line":17,"column":0},"end":{"line":17,"column":39}},"17":{"start":{"line":18,"column":0},"end":{"line":18,"column":63}},"18":{"start":{"line":19,"column":0},"end":{"line":19,"column":60}},"19":{"start":{"line":20,"column":0},"end":{"line":20,"column":26}},"20":{"start":{"line":21,"column":0},"end":{"line":21,"column":36}},"21":{"start":{"line":22,"column":0},"end":{"line":22,"column":3}},"23":{"start":{"line":24,"column":0},"end":{"line":24,"column":10}},"24":{"start":{"line":25,"column":0},"end":{"line":25,"column":6}},"25":{"start":{"line":26,"column":0},"end":{"line":26,"column":11}},"26":{"start":{"line":27,"column":0},"end":{"line":27,"column":51}},"27":{"start":{"line":28,"column":0},"end":{"line":28,"column":65}},"28":{"start":{"line":29,"column":0},"end":{"line":29,"column":12}},"29":{"start":{"line":30,"column":0},"end":{"line":30,"column":52}},"30":{"start":{"line":31,"column":0},"end":{"line":31,"column":73}},"31":{"start":{"line":32,"column":0},"end":{"line":32,"column":12}},"32":{"start":{"line":33,"column":0},"end":{"line":33,"column":12}},"33":{"start":{"line":34,"column":0},"end":{"line":34,"column":27}},"34":{"start":{"line":35,"column":0},"end":{"line":35,"column":28}},"35":{"start":{"line":36,"column":0},"end":{"line":36,"column":88}},"37":{"start":{"line":38,"column":0},"end":{"line":38,"column":62}},"38":{"start":{"line":39,"column":0},"end":{"line":39,"column":11}},"39":{"start":{"line":40,"column":0},"end":{"line":40,"column":60}},"40":{"start":{"line":41,"column":0},"end":{"line":41,"column":12}},"41":{"start":{"line":42,"column":0},"end":{"line":42,"column":12}},"42":{"start":{"line":43,"column":0},"end":{"line":43,"column":86}},"43":{"start":{"line":44,"column":0},"end":{"line":44,"column":7}},"45":{"start":{"line":46,"column":0},"end":{"line":46,"column":1}},"47":{"start":{"line":48,"column":0},"end":{"line":48,"column":18}}},"s":{"0":0,"1":0,"2":0,"3":0,"4":0,"7":0,"8":0,"13":0,"14":0,"15":0,"16":0,"17":0,"18":0,"19":0,"20":0,"21":0,"23":0,"24":0,"25":0,"26":0,"27":0,"28":0,"29":0,"30":0,"31":0,"32":0,"33":0,"34":0,"35":0,"37":0,"38":0,"39":0,"40":0,"41":0,"42":0,"43":0,"45":0,"47":0},"branchMap":{"0":{"type":"branch","line":1,"loc":{"start":{"line":1,"column":787},"end":{"line":48,"column":-686}},"locations":[{"start":{"line":1,"column":787},"end":{"line":48,"column":-686}}]}},"b":{"0":[0]},"fnMap":{"0":{"name":"(empty-report)","decl":{"start":{"line":1,"column":787},"end":{"line":48,"column":-686}},"loc":{"start":{"line":1,"column":787},"end":{"line":48,"column":-686}},"line":1}},"f":{"0":0}}
,"/Users/bricepelle/Projects/ob-appsync-events-client/src/AppR.tsx": {"path":"/Users/bricepelle/Projects/ob-appsync-events-client/src/AppR.tsx","all":true,"statementMap":{"0":{"start":{"line":1,"column":0},"end":{"line":1,"column":53}},"1":{"start":{"line":2,"column":0},"end":{"line":2,"column":37}},"2":{"start":{"line":3,"column":0},"end":{"line":3,"column":41}},"3":{"start":{"line":4,"column":0},"end":{"line":4,"column":35}},"4":{"start":{"line":5,"column":0},"end":{"line":5,"column":27}},"6":{"start":{"line":7,"column":0},"end":{"line":7,"column":26}},"8":{"start":{"line":9,"column":0},"end":{"line":9,"column":32}},"9":{"start":{"line":10,"column":0},"end":{"line":10,"column":10}},"10":{"start":{"line":11,"column":0},"end":{"line":11,"column":19}},"11":{"start":{"line":12,"column":0},"end":{"line":12,"column":31}},"12":{"start":{"line":13,"column":0},"end":{"line":13,"column":22}},"13":{"start":{"line":14,"column":0},"end":{"line":14,"column":8}},"14":{"start":{"line":15,"column":0},"end":{"line":15,"column":20}},"16":{"start":{"line":17,"column":0},"end":{"line":17,"column":1}}},"s":{"0":0,"1":0,"2":0,"3":0,"4":0,"6":0,"8":0,"9":0,"10":0,"11":0,"12":0,"13":0,"14":0,"16":0},"branchMap":{"0":{"type":"branch","line":1,"loc":{"start":{"line":1,"column":338},"end":{"line":17,"column":-247}},"locations":[{"start":{"line":1,"column":338},"end":{"line":17,"column":-247}}]}},"b":{"0":[0]},"fnMap":{"0":{"name":"(empty-report)","decl":{"start":{"line":1,"column":338},"end":{"line":17,"column":-247}},"loc":{"start":{"line":1,"column":338},"end":{"line":17,"column":-247}},"line":1}},"f":{"0":0}}
,"/Users/bricepelle/Projects/ob-appsync-events-client/src/main.tsx": {"path":"/Users/bricepelle/Projects/ob-appsync-events-client/src/main.tsx","all":true,"statementMap":{"0":{"start":{"line":1,"column":0},"end":{"line":1,"column":34}},"1":{"start":{"line":2,"column":0},"end":{"line":2,"column":45}},"2":{"start":{"line":3,"column":0},"end":{"line":3,"column":20}},"3":{"start":{"line":4,"column":0},"end":{"line":4,"column":29}},"5":{"start":{"line":6,"column":0},"end":{"line":6,"column":52}},"6":{"start":{"line":7,"column":0},"end":{"line":7,"column":14}},"7":{"start":{"line":8,"column":0},"end":{"line":8,"column":12}},"8":{"start":{"line":9,"column":0},"end":{"line":9,"column":16}},"9":{"start":{"line":10,"column":0},"end":{"line":10,"column":1}}},"s":{"0":0,"1":0,"2":0,"3":0,"5":0,"6":0,"7":0,"8":0,"9":0},"branchMap":{"0":{"type":"branch","line":1,"loc":{"start":{"line":1,"column":205},"end":{"line":10,"column":-151}},"locations":[{"start":{"line":1,"column":205},"end":{"line":10,"column":-151}}]}},"b":{"0":[0]},"fnMap":{"0":{"name":"(empty-report)","decl":{"start":{"line":1,"column":205},"end":{"line":10,"column":-151}},"loc":{"start":{"line":1,"column":205},"end":{"line":10,"column":-151}},"line":1}},"f":{"0":0}}
}
