{"/Users/bricepelle/Projects/ob-appsync-events-client/lib/appsync-events-client.ts": {"path":"/Users/bricepelle/Projects/ob-appsync-events-client/lib/appsync-events-client.ts","all":false,"statementMap":{"4":{"start":{"line":5,"column":0},"end":{"line":5,"column":61}},"187":{"start":{"line":188,"column":0},"end":{"line":188,"column":61}},"188":{"start":{"line":189,"column":0},"end":{"line":189,"column":53}},"189":{"start":{"line":190,"column":0},"end":{"line":190,"column":46}},"190":{"start":{"line":191,"column":0},"end":{"line":191,"column":46}},"191":{"start":{"line":192,"column":0},"end":{"line":192,"column":45}},"192":{"start":{"line":193,"column":0},"end":{"line":193,"column":37}},"193":{"start":{"line":194,"column":0},"end":{"line":194,"column":1}},"202":{"start":{"line":203,"column":0},"end":{"line":203,"column":50}},"203":{"start":{"line":204,"column":0},"end":{"line":204,"column":25}},"204":{"start":{"line":205,"column":0},"end":{"line":205,"column":73}},"205":{"start":{"line":206,"column":0},"end":{"line":206,"column":1}},"208":{"start":{"line":209,"column":0},"end":{"line":209,"column":26}},"209":{"start":{"line":210,"column":0},"end":{"line":210,"column":95}},"229":{"start":{"line":230,"column":0},"end":{"line":230,"column":86}},"237":{"start":{"line":238,"column":0},"end":{"line":238,"column":34}},"239":{"start":{"line":240,"column":0},"end":{"line":240,"column":37}},"242":{"start":{"line":243,"column":0},"end":{"line":243,"column":62}},"245":{"start":{"line":246,"column":0},"end":{"line":246,"column":29}},"248":{"start":{"line":249,"column":0},"end":{"line":249,"column":31}},"251":{"start":{"line":252,"column":0},"end":{"line":252,"column":64}},"254":{"start":{"line":255,"column":0},"end":{"line":255,"column":43}},"257":{"start":{"line":258,"column":0},"end":{"line":258,"column":41}},"263":{"start":{"line":264,"column":0},"end":{"line":264,"column":29}},"264":{"start":{"line":265,"column":0},"end":{"line":265,"column":29}},"265":{"start":{"line":266,"column":0},"end":{"line":266,"column":42}},"266":{"start":{"line":267,"column":0},"end":{"line":267,"column":44}},"268":{"start":{"line":269,"column":0},"end":{"line":269,"column":42}},"269":{"start":{"line":270,"column":0},"end":{"line":270,"column":41}},"270":{"start":{"line":271,"column":0},"end":{"line":271,"column":41}},"271":{"start":{"line":272,"column":0},"end":{"line":272,"column":55}},"272":{"start":{"line":273,"column":0},"end":{"line":273,"column":5}},"275":{"start":{"line":276,"column":0},"end":{"line":276,"column":58}},"276":{"start":{"line":277,"column":0},"end":{"line":277,"column":3}},"284":{"start":{"line":285,"column":0},"end":{"line":285,"column":14}},"285":{"start":{"line":286,"column":0},"end":{"line":286,"column":42}},"286":{"start":{"line":287,"column":0},"end":{"line":287,"column":44}},"287":{"start":{"line":288,"column":0},"end":{"line":288,"column":6}},"296":{"start":{"line":297,"column":0},"end":{"line":297,"column":34}},"297":{"start":{"line":298,"column":0},"end":{"line":298,"column":30}},"298":{"start":{"line":299,"column":0},"end":{"line":299,"column":49}},"299":{"start":{"line":300,"column":0},"end":{"line":300,"column":5}},"300":{"start":{"line":301,"column":0},"end":{"line":301,"column":37}},"301":{"start":{"line":302,"column":0},"end":{"line":302,"column":27}},"302":{"start":{"line":303,"column":0},"end":{"line":303,"column":54}},"303":{"start":{"line":304,"column":0},"end":{"line":304,"column":38}},"304":{"start":{"line":305,"column":0},"end":{"line":305,"column":46}},"305":{"start":{"line":306,"column":0},"end":{"line":306,"column":30}},"306":{"start":{"line":307,"column":0},"end":{"line":307,"column":5}},"307":{"start":{"line":308,"column":0},"end":{"line":308,"column":59}},"308":{"start":{"line":309,"column":0},"end":{"line":309,"column":3}},"310":{"start":{"line":311,"column":0},"end":{"line":311,"column":58}},"311":{"start":{"line":312,"column":0},"end":{"line":312,"column":29}},"312":{"start":{"line":313,"column":0},"end":{"line":313,"column":69}},"313":{"start":{"line":314,"column":0},"end":{"line":314,"column":5}},"314":{"start":{"line":315,"column":0},"end":{"line":315,"column":3}},"324":{"start":{"line":325,"column":0},"end":{"line":325,"column":56}},"325":{"start":{"line":326,"column":0},"end":{"line":326,"column":26}},"326":{"start":{"line":327,"column":0},"end":{"line":327,"column":28}},"327":{"start":{"line":328,"column":0},"end":{"line":328,"column":5}},"328":{"start":{"line":329,"column":0},"end":{"line":329,"column":62}},"329":{"start":{"line":330,"column":0},"end":{"line":330,"column":47}},"330":{"start":{"line":331,"column":0},"end":{"line":331,"column":13}},"331":{"start":{"line":332,"column":0},"end":{"line":332,"column":43}},"332":{"start":{"line":333,"column":0},"end":{"line":333,"column":36}},"333":{"start":{"line":334,"column":0},"end":{"line":334,"column":22}},"334":{"start":{"line":335,"column":0},"end":{"line":335,"column":12}},"335":{"start":{"line":336,"column":0},"end":{"line":336,"column":94}},"337":{"start":{"line":338,"column":0},"end":{"line":338,"column":34}},"338":{"start":{"line":339,"column":0},"end":{"line":339,"column":79}},"339":{"start":{"line":340,"column":0},"end":{"line":340,"column":57}},"340":{"start":{"line":341,"column":0},"end":{"line":341,"column":37}},"341":{"start":{"line":342,"column":0},"end":{"line":342,"column":40}},"342":{"start":{"line":343,"column":0},"end":{"line":343,"column":27}},"343":{"start":{"line":344,"column":0},"end":{"line":344,"column":13}},"344":{"start":{"line":345,"column":0},"end":{"line":345,"column":11}},"346":{"start":{"line":347,"column":0},"end":{"line":347,"column":40}},"347":{"start":{"line":348,"column":0},"end":{"line":348,"column":67}},"348":{"start":{"line":349,"column":0},"end":{"line":349,"column":36}},"349":{"start":{"line":350,"column":0},"end":{"line":350,"column":34}},"350":{"start":{"line":351,"column":0},"end":{"line":351,"column":11}},"352":{"start":{"line":353,"column":0},"end":{"line":353,"column":47}},"353":{"start":{"line":354,"column":0},"end":{"line":354,"column":52}},"354":{"start":{"line":355,"column":0},"end":{"line":355,"column":25}},"355":{"start":{"line":356,"column":0},"end":{"line":356,"column":11}},"357":{"start":{"line":358,"column":0},"end":{"line":358,"column":56}},"358":{"start":{"line":359,"column":0},"end":{"line":359,"column":17}},"359":{"start":{"line":360,"column":0},"end":{"line":360,"column":71}},"360":{"start":{"line":361,"column":0},"end":{"line":361,"column":44}},"361":{"start":{"line":362,"column":0},"end":{"line":362,"column":40}},"362":{"start":{"line":363,"column":0},"end":{"line":363,"column":64}},"363":{"start":{"line":364,"column":0},"end":{"line":364,"column":52}},"364":{"start":{"line":365,"column":0},"end":{"line":365,"column":62}},"365":{"start":{"line":366,"column":0},"end":{"line":366,"column":51}},"366":{"start":{"line":367,"column":0},"end":{"line":367,"column":52}},"367":{"start":{"line":368,"column":0},"end":{"line":368,"column":41}},"368":{"start":{"line":369,"column":0},"end":{"line":369,"column":15}},"369":{"start":{"line":370,"column":0},"end":{"line":370,"column":29}},"370":{"start":{"line":371,"column":0},"end":{"line":371,"column":61}},"371":{"start":{"line":372,"column":0},"end":{"line":372,"column":13}},"372":{"start":{"line":373,"column":0},"end":{"line":373,"column":11}},"373":{"start":{"line":374,"column":0},"end":{"line":374,"column":25}},"374":{"start":{"line":375,"column":0},"end":{"line":375,"column":23}},"375":{"start":{"line":376,"column":0},"end":{"line":376,"column":9}},"376":{"start":{"line":377,"column":0},"end":{"line":377,"column":8}},"377":{"start":{"line":378,"column":0},"end":{"line":378,"column":6}},"378":{"start":{"line":379,"column":0},"end":{"line":379,"column":26}},"379":{"start":{"line":380,"column":0},"end":{"line":380,"column":3}},"385":{"start":{"line":386,"column":0},"end":{"line":386,"column":35}},"386":{"start":{"line":387,"column":0},"end":{"line":387,"column":61}},"387":{"start":{"line":388,"column":0},"end":{"line":388,"column":30}},"388":{"start":{"line":389,"column":0},"end":{"line":389,"column":75}},"389":{"start":{"line":390,"column":0},"end":{"line":390,"column":60}},"391":{"start":{"line":392,"column":0},"end":{"line":392,"column":24}},"392":{"start":{"line":393,"column":0},"end":{"line":393,"column":85}},"393":{"start":{"line":394,"column":0},"end":{"line":394,"column":15}},"394":{"start":{"line":395,"column":0},"end":{"line":395,"column":12}},"395":{"start":{"line":396,"column":0},"end":{"line":396,"column":56}},"396":{"start":{"line":397,"column":0},"end":{"line":397,"column":5}},"397":{"start":{"line":398,"column":0},"end":{"line":398,"column":3}},"404":{"start":{"line":405,"column":0},"end":{"line":405,"column":62}},"405":{"start":{"line":406,"column":0},"end":{"line":406,"column":43}},"406":{"start":{"line":407,"column":0},"end":{"line":407,"column":3}},"413":{"start":{"line":414,"column":0},"end":{"line":414,"column":81}},"414":{"start":{"line":415,"column":0},"end":{"line":415,"column":59}},"415":{"start":{"line":416,"column":0},"end":{"line":416,"column":24}},"416":{"start":{"line":417,"column":0},"end":{"line":417,"column":12}},"417":{"start":{"line":418,"column":0},"end":{"line":418,"column":5}},"418":{"start":{"line":419,"column":0},"end":{"line":419,"column":67}},"419":{"start":{"line":420,"column":0},"end":{"line":420,"column":72}},"420":{"start":{"line":421,"column":0},"end":{"line":421,"column":41}},"421":{"start":{"line":422,"column":0},"end":{"line":422,"column":3}},"428":{"start":{"line":429,"column":0},"end":{"line":429,"column":84}},"429":{"start":{"line":430,"column":0},"end":{"line":430,"column":59}},"430":{"start":{"line":431,"column":0},"end":{"line":431,"column":24}},"431":{"start":{"line":432,"column":0},"end":{"line":432,"column":12}},"432":{"start":{"line":433,"column":0},"end":{"line":433,"column":5}},"433":{"start":{"line":434,"column":0},"end":{"line":434,"column":50}},"434":{"start":{"line":435,"column":0},"end":{"line":435,"column":29}},"435":{"start":{"line":436,"column":0},"end":{"line":436,"column":28}},"436":{"start":{"line":437,"column":0},"end":{"line":437,"column":21}},"437":{"start":{"line":438,"column":0},"end":{"line":438,"column":54}},"438":{"start":{"line":439,"column":0},"end":{"line":439,"column":69}},"439":{"start":{"line":440,"column":0},"end":{"line":440,"column":5}},"440":{"start":{"line":441,"column":0},"end":{"line":441,"column":46}},"441":{"start":{"line":442,"column":0},"end":{"line":442,"column":3}},"448":{"start":{"line":449,"column":0},"end":{"line":449,"column":66}},"449":{"start":{"line":450,"column":0},"end":{"line":450,"column":59}},"450":{"start":{"line":451,"column":0},"end":{"line":451,"column":47}},"451":{"start":{"line":452,"column":0},"end":{"line":452,"column":60}},"452":{"start":{"line":453,"column":0},"end":{"line":453,"column":12}},"453":{"start":{"line":454,"column":0},"end":{"line":454,"column":5}},"454":{"start":{"line":455,"column":0},"end":{"line":455,"column":77}},"455":{"start":{"line":456,"column":0},"end":{"line":456,"column":52}},"456":{"start":{"line":457,"column":0},"end":{"line":457,"column":3}},"467":{"start":{"line":468,"column":0},"end":{"line":468,"column":57}},"468":{"start":{"line":469,"column":0},"end":{"line":469,"column":40}},"469":{"start":{"line":470,"column":0},"end":{"line":470,"column":51}},"470":{"start":{"line":471,"column":0},"end":{"line":471,"column":5}},"472":{"start":{"line":473,"column":0},"end":{"line":473,"column":33}},"473":{"start":{"line":474,"column":0},"end":{"line":474,"column":79}},"474":{"start":{"line":475,"column":0},"end":{"line":475,"column":5}},"476":{"start":{"line":477,"column":0},"end":{"line":477,"column":47}},"477":{"start":{"line":478,"column":0},"end":{"line":478,"column":65}},"478":{"start":{"line":479,"column":0},"end":{"line":479,"column":5}},"480":{"start":{"line":481,"column":0},"end":{"line":481,"column":60}},"481":{"start":{"line":482,"column":0},"end":{"line":482,"column":30}},"482":{"start":{"line":483,"column":0},"end":{"line":483,"column":22}},"483":{"start":{"line":484,"column":0},"end":{"line":484,"column":14}},"484":{"start":{"line":485,"column":0},"end":{"line":485,"column":49}},"485":{"start":{"line":486,"column":0},"end":{"line":486,"column":49}},"486":{"start":{"line":487,"column":0},"end":{"line":487,"column":5}},"488":{"start":{"line":489,"column":0},"end":{"line":489,"column":48}},"489":{"start":{"line":490,"column":0},"end":{"line":490,"column":3}},"498":{"start":{"line":499,"column":0},"end":{"line":499,"column":41}},"499":{"start":{"line":500,"column":0},"end":{"line":500,"column":24}},"500":{"start":{"line":501,"column":0},"end":{"line":501,"column":12}},"501":{"start":{"line":502,"column":0},"end":{"line":502,"column":29}},"502":{"start":{"line":503,"column":0},"end":{"line":503,"column":36}},"503":{"start":{"line":504,"column":0},"end":{"line":504,"column":63}},"504":{"start":{"line":505,"column":0},"end":{"line":505,"column":16}},"505":{"start":{"line":506,"column":0},"end":{"line":506,"column":3}},"518":{"start":{"line":519,"column":0},"end":{"line":519,"column":34}},"519":{"start":{"line":520,"column":0},"end":{"line":520,"column":17}},"520":{"start":{"line":521,"column":0},"end":{"line":521,"column":32}},"521":{"start":{"line":522,"column":0},"end":{"line":522,"column":28}},"522":{"start":{"line":523,"column":0},"end":{"line":523,"column":5}},"523":{"start":{"line":524,"column":0},"end":{"line":524,"column":24}},"524":{"start":{"line":525,"column":0},"end":{"line":525,"column":53}},"525":{"start":{"line":526,"column":0},"end":{"line":526,"column":54}},"526":{"start":{"line":527,"column":0},"end":{"line":527,"column":21}},"527":{"start":{"line":528,"column":0},"end":{"line":528,"column":48}},"528":{"start":{"line":529,"column":0},"end":{"line":529,"column":7}},"530":{"start":{"line":531,"column":0},"end":{"line":531,"column":54}},"531":{"start":{"line":532,"column":0},"end":{"line":532,"column":34}},"532":{"start":{"line":533,"column":0},"end":{"line":533,"column":13}},"533":{"start":{"line":534,"column":0},"end":{"line":534,"column":30}},"534":{"start":{"line":535,"column":0},"end":{"line":535,"column":21}},"535":{"start":{"line":536,"column":0},"end":{"line":536,"column":17}},"536":{"start":{"line":537,"column":0},"end":{"line":537,"column":16}},"537":{"start":{"line":538,"column":0},"end":{"line":538,"column":15}},"538":{"start":{"line":539,"column":0},"end":{"line":539,"column":8}},"539":{"start":{"line":540,"column":0},"end":{"line":540,"column":66}},"540":{"start":{"line":541,"column":0},"end":{"line":541,"column":26}},"541":{"start":{"line":542,"column":0},"end":{"line":542,"column":11}},"542":{"start":{"line":543,"column":0},"end":{"line":543,"column":22}},"543":{"start":{"line":544,"column":0},"end":{"line":544,"column":22}},"544":{"start":{"line":545,"column":0},"end":{"line":545,"column":7}},"545":{"start":{"line":546,"column":0},"end":{"line":546,"column":53}},"546":{"start":{"line":547,"column":0},"end":{"line":547,"column":6}},"547":{"start":{"line":548,"column":0},"end":{"line":548,"column":3}},"555":{"start":{"line":556,"column":0},"end":{"line":556,"column":53}},"556":{"start":{"line":557,"column":0},"end":{"line":557,"column":40}},"557":{"start":{"line":558,"column":0},"end":{"line":558,"column":51}},"558":{"start":{"line":559,"column":0},"end":{"line":559,"column":5}},"560":{"start":{"line":561,"column":0},"end":{"line":561,"column":68}},"561":{"start":{"line":562,"column":0},"end":{"line":562,"column":26}},"562":{"start":{"line":563,"column":0},"end":{"line":563,"column":25}},"563":{"start":{"line":564,"column":0},"end":{"line":564,"column":5}},"565":{"start":{"line":566,"column":0},"end":{"line":566,"column":52}},"566":{"start":{"line":567,"column":0},"end":{"line":567,"column":45}},"567":{"start":{"line":568,"column":0},"end":{"line":568,"column":3}},"574":{"start":{"line":575,"column":0},"end":{"line":575,"column":29}},"575":{"start":{"line":576,"column":0},"end":{"line":576,"column":18}},"576":{"start":{"line":577,"column":0},"end":{"line":577,"column":21}},"577":{"start":{"line":578,"column":0},"end":{"line":578,"column":32}},"578":{"start":{"line":579,"column":0},"end":{"line":579,"column":30}},"579":{"start":{"line":580,"column":0},"end":{"line":580,"column":5}},"580":{"start":{"line":581,"column":0},"end":{"line":581,"column":3}},"581":{"start":{"line":582,"column":0},"end":{"line":582,"column":1}}},"s":{"4":1,"187":9,"188":9,"189":9,"190":9,"191":9,"192":9,"193":9,"202":0,"203":0,"204":0,"205":0,"208":1,"209":1,"229":1,"237":1,"239":1,"242":1,"245":1,"248":1,"251":1,"254":1,"257":1,"263":1,"264":1,"265":1,"266":1,"268":1,"269":0,"270":0,"271":0,"272":0,"275":1,"276":1,"284":1,"285":11,"286":11,"287":11,"296":1,"297":12,"298":9,"299":9,"300":12,"301":2,"302":2,"303":1,"304":1,"305":1,"306":1,"307":1,"308":12,"310":1,"311":11,"312":0,"313":0,"314":11,"324":1,"325":10,"326":0,"327":0,"328":10,"329":9,"330":9,"331":9,"332":9,"333":9,"334":9,"335":9,"337":9,"338":9,"339":9,"340":9,"341":9,"342":9,"343":9,"344":9,"346":9,"347":1,"348":1,"349":1,"350":1,"352":9,"353":0,"354":0,"355":0,"357":9,"358":0,"359":0,"360":0,"361":0,"362":0,"363":0,"364":0,"365":0,"366":0,"367":0,"368":0,"369":0,"370":0,"371":0,"372":0,"373":9,"374":0,"375":0,"376":9,"377":10,"378":10,"379":10,"385":1,"386":1,"387":1,"388":1,"389":1,"391":1,"392":0,"393":1,"394":1,"395":0,"396":0,"397":1,"404":1,"405":0,"406":0,"413":1,"414":0,"415":0,"416":0,"417":0,"418":0,"419":0,"420":0,"421":0,"428":1,"429":0,"430":0,"431":0,"432":0,"433":0,"434":0,"435":0,"436":0,"437":0,"438":0,"439":0,"440":0,"441":0,"448":1,"449":0,"450":0,"451":0,"452":0,"453":0,"454":0,"455":0,"456":0,"467":1,"468":2,"469":0,"470":0,"472":2,"473":0,"474":0,"476":2,"477":0,"478":0,"480":2,"481":2,"482":2,"483":2,"484":2,"485":2,"486":2,"488":2,"489":2,"498":1,"499":1,"500":1,"501":1,"502":1,"503":1,"504":1,"505":1,"518":1,"519":0,"520":0,"521":0,"522":0,"523":0,"524":0,"525":0,"526":0,"527":0,"528":0,"530":0,"531":0,"532":0,"533":0,"534":0,"535":0,"536":0,"537":0,"538":0,"539":0,"540":0,"541":0,"542":0,"543":0,"544":0,"545":0,"546":0,"547":0,"555":1,"556":1,"557":0,"558":0,"560":1,"561":1,"562":1,"563":1,"565":1,"566":1,"567":1,"574":1,"575":1,"576":1,"577":1,"578":1,"579":1,"580":1,"581":1},"branchMap":{"0":{"type":"branch","line":188,"loc":{"start":{"line":188,"column":0},"end":{"line":194,"column":1}},"locations":[{"start":{"line":188,"column":0},"end":{"line":194,"column":1}}]},"1":{"type":"branch","line":230,"loc":{"start":{"line":230,"column":22},"end":{"line":230,"column":86}},"locations":[{"start":{"line":230,"column":22},"end":{"line":230,"column":86}}]},"2":{"type":"branch","line":285,"loc":{"start":{"line":285,"column":2},"end":{"line":288,"column":6}},"locations":[{"start":{"line":285,"column":2},"end":{"line":288,"column":6}}]},"3":{"type":"branch","line":269,"loc":{"start":{"line":269,"column":41},"end":{"line":273,"column":5}},"locations":[{"start":{"line":269,"column":41},"end":{"line":273,"column":5}}]},"4":{"type":"branch","line":297,"loc":{"start":{"line":297,"column":2},"end":{"line":309,"column":3}},"locations":[{"start":{"line":297,"column":2},"end":{"line":309,"column":3}}]},"5":{"type":"branch","line":298,"loc":{"start":{"line":298,"column":29},"end":{"line":300,"column":5}},"locations":[{"start":{"line":298,"column":29},"end":{"line":300,"column":5}}]},"6":{"type":"branch","line":300,"loc":{"start":{"line":300,"column":4},"end":{"line":301,"column":36}},"locations":[{"start":{"line":300,"column":4},"end":{"line":301,"column":36}}]},"7":{"type":"branch","line":301,"loc":{"start":{"line":301,"column":36},"end":{"line":307,"column":5}},"locations":[{"start":{"line":301,"column":36},"end":{"line":307,"column":5}}]},"8":{"type":"branch","line":303,"loc":{"start":{"line":303,"column":46},"end":{"line":304,"column":38}},"locations":[{"start":{"line":303,"column":46},"end":{"line":304,"column":38}}]},"9":{"type":"branch","line":304,"loc":{"start":{"line":304,"column":25},"end":{"line":305,"column":46}},"locations":[{"start":{"line":304,"column":25},"end":{"line":305,"column":46}}]},"10":{"type":"branch","line":305,"loc":{"start":{"line":305,"column":45},"end":{"line":307,"column":5}},"locations":[{"start":{"line":305,"column":45},"end":{"line":307,"column":5}}]},"11":{"type":"branch","line":307,"loc":{"start":{"line":307,"column":4},"end":{"line":308,"column":59}},"locations":[{"start":{"line":307,"column":4},"end":{"line":308,"column":59}}]},"12":{"type":"branch","line":311,"loc":{"start":{"line":311,"column":10},"end":{"line":315,"column":3}},"locations":[{"start":{"line":311,"column":10},"end":{"line":315,"column":3}}]},"13":{"type":"branch","line":312,"loc":{"start":{"line":312,"column":28},"end":{"line":314,"column":5}},"locations":[{"start":{"line":312,"column":28},"end":{"line":314,"column":5}}]},"14":{"type":"branch","line":325,"loc":{"start":{"line":325,"column":2},"end":{"line":380,"column":3}},"locations":[{"start":{"line":325,"column":2},"end":{"line":380,"column":3}}]},"15":{"type":"branch","line":326,"loc":{"start":{"line":326,"column":25},"end":{"line":328,"column":5}},"locations":[{"start":{"line":326,"column":25},"end":{"line":328,"column":5}}]},"16":{"type":"branch","line":329,"loc":{"start":{"line":329,"column":49},"end":{"line":378,"column":5}},"locations":[{"start":{"line":329,"column":49},"end":{"line":378,"column":5}}]},"17":{"type":"branch","line":330,"loc":{"start":{"line":330,"column":25},"end":{"line":377,"column":7}},"locations":[{"start":{"line":330,"column":25},"end":{"line":377,"column":7}}]},"18":{"type":"branch","line":374,"loc":{"start":{"line":374,"column":8},"end":{"line":376,"column":9}},"locations":[{"start":{"line":374,"column":8},"end":{"line":376,"column":9}}]},"19":{"type":"branch","line":338,"loc":{"start":{"line":338,"column":27},"end":{"line":345,"column":11}},"locations":[{"start":{"line":338,"column":27},"end":{"line":345,"column":11}}]},"20":{"type":"branch","line":347,"loc":{"start":{"line":347,"column":28},"end":{"line":351,"column":11}},"locations":[{"start":{"line":347,"column":28},"end":{"line":351,"column":11}}]},"21":{"type":"branch","line":386,"loc":{"start":{"line":386,"column":10},"end":{"line":398,"column":3}},"locations":[{"start":{"line":386,"column":10},"end":{"line":398,"column":3}}]},"22":{"type":"branch","line":395,"loc":{"start":{"line":395,"column":4},"end":{"line":397,"column":5}},"locations":[{"start":{"line":395,"column":4},"end":{"line":397,"column":5}}]},"23":{"type":"branch","line":468,"loc":{"start":{"line":468,"column":2},"end":{"line":490,"column":3}},"locations":[{"start":{"line":468,"column":2},"end":{"line":490,"column":3}}]},"24":{"type":"branch","line":469,"loc":{"start":{"line":469,"column":39},"end":{"line":471,"column":5}},"locations":[{"start":{"line":469,"column":39},"end":{"line":471,"column":5}}]},"25":{"type":"branch","line":473,"loc":{"start":{"line":473,"column":32},"end":{"line":475,"column":5}},"locations":[{"start":{"line":473,"column":32},"end":{"line":475,"column":5}}]},"26":{"type":"branch","line":477,"loc":{"start":{"line":477,"column":46},"end":{"line":479,"column":5}},"locations":[{"start":{"line":477,"column":46},"end":{"line":479,"column":5}}]},"27":{"type":"branch","line":485,"loc":{"start":{"line":485,"column":23},"end":{"line":485,"column":47}},"locations":[{"start":{"line":485,"column":23},"end":{"line":485,"column":47}}]},"28":{"type":"branch","line":499,"loc":{"start":{"line":499,"column":2},"end":{"line":506,"column":3}},"locations":[{"start":{"line":499,"column":2},"end":{"line":506,"column":3}}]},"29":{"type":"branch","line":504,"loc":{"start":{"line":504,"column":15},"end":{"line":504,"column":63}},"locations":[{"start":{"line":504,"column":15},"end":{"line":504,"column":63}}]},"30":{"type":"branch","line":556,"loc":{"start":{"line":556,"column":10},"end":{"line":568,"column":3}},"locations":[{"start":{"line":556,"column":10},"end":{"line":568,"column":3}}]},"31":{"type":"branch","line":557,"loc":{"start":{"line":557,"column":39},"end":{"line":559,"column":5}},"locations":[{"start":{"line":557,"column":39},"end":{"line":559,"column":5}}]},"32":{"type":"branch","line":575,"loc":{"start":{"line":575,"column":9},"end":{"line":581,"column":3}},"locations":[{"start":{"line":575,"column":9},"end":{"line":581,"column":3}}]}},"b":{"0":[9],"1":[9],"2":[11],"3":[0],"4":[12],"5":[9],"6":[3],"7":[2],"8":[1],"9":[1],"10":[1],"11":[1],"12":[11],"13":[0],"14":[10],"15":[0],"16":[9],"17":[9],"18":[0],"19":[9],"20":[1],"21":[1],"22":[0],"23":[2],"24":[0],"25":[0],"26":[0],"27":[2],"28":[1],"29":[1],"30":[1],"31":[0],"32":[1]},"fnMap":{"0":{"name":"getAuthProtocol","decl":{"start":{"line":188,"column":0},"end":{"line":194,"column":1}},"loc":{"start":{"line":188,"column":0},"end":{"line":194,"column":1}},"line":188},"1":{"name":"errorsToString","decl":{"start":{"line":203,"column":0},"end":{"line":206,"column":1}},"loc":{"start":{"line":203,"column":0},"end":{"line":206,"column":1}},"line":203},"2":{"name":"isEventDomain","decl":{"start":{"line":230,"column":22},"end":{"line":230,"column":86}},"loc":{"start":{"line":230,"column":22},"end":{"line":230,"column":86}},"line":230},"3":{"name":"AppSyncEventsClient","decl":{"start":{"line":285,"column":2},"end":{"line":288,"column":6}},"loc":{"start":{"line":285,"column":2},"end":{"line":288,"column":6}},"line":285},"4":{"name":"getAuthHeaders","decl":{"start":{"line":297,"column":2},"end":{"line":309,"column":3}},"loc":{"start":{"line":297,"column":2},"end":{"line":309,"column":3}},"line":297},"5":{"name":"debug","decl":{"start":{"line":311,"column":10},"end":{"line":315,"column":3}},"loc":{"start":{"line":311,"column":10},"end":{"line":315,"column":3}},"line":311},"6":{"name":"connect","decl":{"start":{"line":325,"column":2},"end":{"line":380,"column":3}},"loc":{"start":{"line":325,"column":2},"end":{"line":380,"column":3}},"line":325},"7":{"name":"ws.onopen","decl":{"start":{"line":338,"column":27},"end":{"line":345,"column":11}},"loc":{"start":{"line":338,"column":27},"end":{"line":345,"column":11}},"line":338},"8":{"name":"ws.onclose","decl":{"start":{"line":347,"column":28},"end":{"line":351,"column":11}},"loc":{"start":{"line":347,"column":28},"end":{"line":351,"column":11}},"line":347},"9":{"name":"ws.onerror","decl":{"start":{"line":353,"column":28},"end":{"line":356,"column":11}},"loc":{"start":{"line":353,"column":28},"end":{"line":356,"column":11}},"line":353},"10":{"name":"ws.onmessage","decl":{"start":{"line":358,"column":30},"end":{"line":373,"column":11}},"loc":{"start":{"line":358,"column":30},"end":{"line":373,"column":11}},"line":358},"11":{"name":"handleReconnect","decl":{"start":{"line":386,"column":10},"end":{"line":398,"column":3}},"loc":{"start":{"line":386,"column":10},"end":{"line":398,"column":3}},"line":386},"12":{"name":"handleError","decl":{"start":{"line":405,"column":10},"end":{"line":407,"column":3}},"loc":{"start":{"line":405,"column":10},"end":{"line":407,"column":3}},"line":405},"13":{"name":"handlerSubscribeError","decl":{"start":{"line":414,"column":10},"end":{"line":422,"column":3}},"loc":{"start":{"line":414,"column":10},"end":{"line":422,"column":3}},"line":414},"14":{"name":"handleSubscribeSuccess","decl":{"start":{"line":429,"column":10},"end":{"line":442,"column":3}},"loc":{"start":{"line":429,"column":10},"end":{"line":442,"column":3}},"line":429},"15":{"name":"handleData","decl":{"start":{"line":449,"column":10},"end":{"line":457,"column":3}},"loc":{"start":{"line":449,"column":10},"end":{"line":457,"column":3}},"line":449},"16":{"name":"publish","decl":{"start":{"line":468,"column":2},"end":{"line":490,"column":3}},"loc":{"start":{"line":468,"column":2},"end":{"line":490,"column":3}},"line":468},"17":{"name":"getChannel","decl":{"start":{"line":499,"column":2},"end":{"line":506,"column":3}},"loc":{"start":{"line":499,"column":2},"end":{"line":506,"column":3}},"line":499},"18":{"name":"unsubscribe","decl":{"start":{"line":503,"column":19},"end":{"line":503,"column":36}},"loc":{"start":{"line":503,"column":19},"end":{"line":503,"column":36}},"line":503},"19":{"name":"publish","decl":{"start":{"line":504,"column":15},"end":{"line":504,"column":63}},"loc":{"start":{"line":504,"column":15},"end":{"line":504,"column":63}},"line":504},"20":{"name":"subscribe","decl":{"start":{"line":519,"column":2},"end":{"line":548,"column":3}},"loc":{"start":{"line":519,"column":2},"end":{"line":548,"column":3}},"line":519},"21":{"name":"unsubscribe","decl":{"start":{"line":556,"column":10},"end":{"line":568,"column":3}},"loc":{"start":{"line":556,"column":10},"end":{"line":568,"column":3}},"line":556},"22":{"name":"disconnect","decl":{"start":{"line":575,"column":9},"end":{"line":581,"column":3}},"loc":{"start":{"line":575,"column":9},"end":{"line":581,"column":3}},"line":575}},"f":{"0":9,"1":0,"2":9,"3":11,"4":12,"5":11,"6":10,"7":9,"8":1,"9":0,"10":0,"11":1,"12":0,"13":0,"14":0,"15":0,"16":2,"17":1,"18":0,"19":1,"20":0,"21":1,"22":1}}
,"/Users/bricepelle/Projects/ob-appsync-events-client/lib/main.ts": {"path":"/Users/bricepelle/Projects/ob-appsync-events-client/lib/main.ts","all":true,"statementMap":{"0":{"start":{"line":1,"column":0},"end":{"line":1,"column":39}},"1":{"start":{"line":2,"column":0},"end":{"line":2,"column":29}}},"s":{"0":0,"1":0},"branchMap":{"0":{"type":"branch","line":1,"loc":{"start":{"line":1,"column":0},"end":{"line":2,"column":-1}},"locations":[{"start":{"line":1,"column":0},"end":{"line":2,"column":-1}}]}},"b":{"0":[0]},"fnMap":{"0":{"name":"(empty-report)","decl":{"start":{"line":1,"column":0},"end":{"line":2,"column":-1}},"loc":{"start":{"line":1,"column":0},"end":{"line":2,"column":-1}},"line":1}},"f":{"0":0}}
,"/Users/bricepelle/Projects/ob-appsync-events-client/lib/react-hooks.ts": {"path":"/Users/bricepelle/Projects/ob-appsync-events-client/lib/react-hooks.ts","all":false,"statementMap":{"0":{"start":{"line":1,"column":0},"end":{"line":1,"column":51}},"12":{"start":{"line":13,"column":0},"end":{"line":13,"column":36}},"13":{"start":{"line":14,"column":0},"end":{"line":14,"column":30}},"14":{"start":{"line":15,"column":0},"end":{"line":15,"column":15}},"15":{"start":{"line":16,"column":0},"end":{"line":16,"column":31}},"16":{"start":{"line":17,"column":0},"end":{"line":17,"column":23}},"17":{"start":{"line":18,"column":0},"end":{"line":18,"column":47}},"18":{"start":{"line":19,"column":0},"end":{"line":19,"column":38}},"19":{"start":{"line":20,"column":0},"end":{"line":20,"column":47}},"22":{"start":{"line":23,"column":0},"end":{"line":23,"column":19}},"23":{"start":{"line":24,"column":0},"end":{"line":24,"column":34}},"24":{"start":{"line":25,"column":0},"end":{"line":25,"column":16}},"26":{"start":{"line":27,"column":0},"end":{"line":27,"column":19}},"28":{"start":{"line":29,"column":0},"end":{"line":29,"column":27}},"29":{"start":{"line":30,"column":0},"end":{"line":30,"column":12}},"30":{"start":{"line":31,"column":0},"end":{"line":31,"column":5}},"32":{"start":{"line":33,"column":0},"end":{"line":33,"column":24}},"34":{"start":{"line":35,"column":0},"end":{"line":35,"column":42}},"35":{"start":{"line":36,"column":0},"end":{"line":36,"column":22}},"36":{"start":{"line":37,"column":0},"end":{"line":37,"column":36}},"37":{"start":{"line":38,"column":0},"end":{"line":38,"column":24}},"38":{"start":{"line":39,"column":0},"end":{"line":39,"column":14}},"39":{"start":{"line":40,"column":0},"end":{"line":40,"column":29}},"40":{"start":{"line":41,"column":0},"end":{"line":41,"column":25}},"41":{"start":{"line":42,"column":0},"end":{"line":42,"column":7}},"42":{"start":{"line":43,"column":0},"end":{"line":43,"column":5}},"44":{"start":{"line":45,"column":0},"end":{"line":45,"column":20}},"45":{"start":{"line":46,"column":0},"end":{"line":46,"column":12}},"46":{"start":{"line":47,"column":0},"end":{"line":47,"column":25}},"47":{"start":{"line":48,"column":0},"end":{"line":48,"column":21}},"48":{"start":{"line":49,"column":0},"end":{"line":49,"column":27}},"49":{"start":{"line":50,"column":0},"end":{"line":50,"column":75}},"50":{"start":{"line":51,"column":0},"end":{"line":51,"column":10}},"51":{"start":{"line":52,"column":0},"end":{"line":52,"column":12}},"52":{"start":{"line":53,"column":0},"end":{"line":53,"column":43}},"53":{"start":{"line":54,"column":0},"end":{"line":54,"column":47}},"54":{"start":{"line":55,"column":0},"end":{"line":55,"column":35}},"55":{"start":{"line":56,"column":0},"end":{"line":56,"column":9}},"56":{"start":{"line":57,"column":0},"end":{"line":57,"column":7}},"58":{"start":{"line":59,"column":0},"end":{"line":59,"column":12}},"59":{"start":{"line":60,"column":0},"end":{"line":60,"column":43}},"60":{"start":{"line":61,"column":0},"end":{"line":61,"column":21}},"61":{"start":{"line":62,"column":0},"end":{"line":62,"column":27}},"62":{"start":{"line":63,"column":0},"end":{"line":63,"column":71}},"63":{"start":{"line":64,"column":0},"end":{"line":64,"column":10}},"64":{"start":{"line":65,"column":0},"end":{"line":65,"column":5}},"67":{"start":{"line":68,"column":0},"end":{"line":68,"column":18}},"68":{"start":{"line":69,"column":0},"end":{"line":69,"column":23}},"70":{"start":{"line":71,"column":0},"end":{"line":71,"column":31}},"71":{"start":{"line":72,"column":0},"end":{"line":72,"column":40}},"72":{"start":{"line":73,"column":0},"end":{"line":73,"column":38}},"73":{"start":{"line":74,"column":0},"end":{"line":74,"column":25}},"74":{"start":{"line":75,"column":0},"end":{"line":75,"column":7}},"75":{"start":{"line":76,"column":0},"end":{"line":76,"column":5}},"76":{"start":{"line":77,"column":0},"end":{"line":77,"column":64}},"83":{"start":{"line":84,"column":0},"end":{"line":84,"column":28}},"84":{"start":{"line":85,"column":0},"end":{"line":85,"column":40}},"85":{"start":{"line":86,"column":0},"end":{"line":86,"column":74}},"86":{"start":{"line":87,"column":0},"end":{"line":87,"column":57}},"87":{"start":{"line":88,"column":0},"end":{"line":88,"column":3}},"89":{"start":{"line":90,"column":0},"end":{"line":90,"column":27}},"90":{"start":{"line":91,"column":0},"end":{"line":91,"column":1}}},"s":{"0":1,"12":1,"13":11,"14":11,"15":11,"16":11,"17":11,"18":11,"19":11,"22":11,"23":7,"24":11,"26":11,"28":5,"29":0,"30":0,"32":5,"34":5,"35":5,"36":5,"37":5,"38":5,"39":0,"40":0,"41":0,"42":5,"44":5,"45":2,"46":2,"47":2,"48":2,"49":0,"50":2,"51":5,"52":3,"53":2,"54":2,"55":2,"56":2,"58":3,"59":3,"60":3,"61":3,"62":0,"63":3,"64":3,"67":5,"68":5,"70":5,"71":5,"72":5,"73":5,"74":5,"75":5,"76":11,"83":11,"84":11,"85":11,"86":11,"87":11,"89":11,"90":11},"branchMap":{"0":{"type":"branch","line":13,"loc":{"start":{"line":13,"column":7},"end":{"line":91,"column":1}},"locations":[{"start":{"line":13,"column":7},"end":{"line":91,"column":1}}]},"1":{"type":"branch","line":85,"loc":{"start":{"line":85,"column":19},"end":{"line":85,"column":34}},"locations":[{"start":{"line":85,"column":19},"end":{"line":85,"column":34}}]},"2":{"type":"branch","line":85,"loc":{"start":{"line":85,"column":28},"end":{"line":85,"column":40}},"locations":[{"start":{"line":85,"column":28},"end":{"line":85,"column":40}}]},"3":{"type":"branch","line":23,"loc":{"start":{"line":23,"column":12},"end":{"line":25,"column":5}},"locations":[{"start":{"line":23,"column":12},"end":{"line":25,"column":5}}]},"4":{"type":"branch","line":27,"loc":{"start":{"line":27,"column":12},"end":{"line":77,"column":5}},"locations":[{"start":{"line":27,"column":12},"end":{"line":77,"column":5}}]},"5":{"type":"branch","line":29,"loc":{"start":{"line":29,"column":26},"end":{"line":31,"column":5}},"locations":[{"start":{"line":29,"column":26},"end":{"line":31,"column":5}}]},"6":{"type":"branch","line":45,"loc":{"start":{"line":45,"column":19},"end":{"line":52,"column":11}},"locations":[{"start":{"line":45,"column":19},"end":{"line":52,"column":11}}]},"7":{"type":"branch","line":52,"loc":{"start":{"line":52,"column":4},"end":{"line":65,"column":5}},"locations":[{"start":{"line":52,"column":4},"end":{"line":65,"column":5}}]},"8":{"type":"branch","line":35,"loc":{"start":{"line":35,"column":19},"end":{"line":43,"column":5}},"locations":[{"start":{"line":35,"column":19},"end":{"line":43,"column":5}}]},"9":{"type":"branch","line":39,"loc":{"start":{"line":39,"column":6},"end":{"line":42,"column":7}},"locations":[{"start":{"line":39,"column":6},"end":{"line":42,"column":7}}]},"10":{"type":"branch","line":53,"loc":{"start":{"line":53,"column":29},"end":{"line":57,"column":7}},"locations":[{"start":{"line":53,"column":29},"end":{"line":57,"column":7}}]},"11":{"type":"branch","line":68,"loc":{"start":{"line":68,"column":11},"end":{"line":76,"column":5}},"locations":[{"start":{"line":68,"column":11},"end":{"line":76,"column":5}}]}},"b":{"0":[11],"1":[6],"2":[5],"3":[7],"4":[5],"5":[0],"6":[2],"7":[3],"8":[5],"9":[0],"10":[2],"11":[5]},"fnMap":{"0":{"name":"useChannel","decl":{"start":{"line":13,"column":7},"end":{"line":91,"column":1}},"loc":{"start":{"line":13,"column":7},"end":{"line":91,"column":1}},"line":13},"1":{"name":"handle","decl":{"start":{"line":35,"column":19},"end":{"line":43,"column":5}},"loc":{"start":{"line":35,"column":19},"end":{"line":43,"column":5}},"line":35},"2":{"name":"handleCallback","decl":{"start":{"line":53,"column":29},"end":{"line":57,"column":7}},"loc":{"start":{"line":53,"column":29},"end":{"line":57,"column":7}},"line":53},"3":{"name":"publish","decl":{"start":{"line":86,"column":13},"end":{"line":86,"column":74}},"loc":{"start":{"line":86,"column":13},"end":{"line":86,"column":74}},"line":86},"4":{"name":"unsubscribe","decl":{"start":{"line":87,"column":17},"end":{"line":87,"column":57}},"loc":{"start":{"line":87,"column":17},"end":{"line":87,"column":57}},"line":87}},"f":{"0":11,"1":5,"2":2,"3":0,"4":0}}
,"/Users/bricepelle/Projects/ob-appsync-events-client/src/App.tsx": {"path":"/Users/bricepelle/Projects/ob-appsync-events-client/src/App.tsx","all":true,"statementMap":{"0":{"start":{"line":1,"column":0},"end":{"line":1,"column":32}},"1":{"start":{"line":2,"column":0},"end":{"line":2,"column":42}},"2":{"start":{"line":3,"column":0},"end":{"line":3,"column":32}},"3":{"start":{"line":4,"column":0},"end":{"line":4,"column":18}},"4":{"start":{"line":5,"column":0},"end":{"line":5,"column":61}},"7":{"start":{"line":8,"column":0},"end":{"line":8,"column":76}},"8":{"start":{"line":9,"column":0},"end":{"line":9,"column":39}},"13":{"start":{"line":14,"column":0},"end":{"line":14,"column":14}},"14":{"start":{"line":15,"column":0},"end":{"line":15,"column":2}},"15":{"start":{"line":16,"column":0},"end":{"line":16,"column":16}},"16":{"start":{"line":17,"column":0},"end":{"line":17,"column":39}},"17":{"start":{"line":18,"column":0},"end":{"line":18,"column":63}},"18":{"start":{"line":19,"column":0},"end":{"line":19,"column":60}},"19":{"start":{"line":20,"column":0},"end":{"line":20,"column":26}},"20":{"start":{"line":21,"column":0},"end":{"line":21,"column":36}},"21":{"start":{"line":22,"column":0},"end":{"line":22,"column":3}},"23":{"start":{"line":24,"column":0},"end":{"line":24,"column":10}},"24":{"start":{"line":25,"column":0},"end":{"line":25,"column":6}},"25":{"start":{"line":26,"column":0},"end":{"line":26,"column":11}},"26":{"start":{"line":27,"column":0},"end":{"line":27,"column":51}},"27":{"start":{"line":28,"column":0},"end":{"line":28,"column":65}},"28":{"start":{"line":29,"column":0},"end":{"line":29,"column":12}},"29":{"start":{"line":30,"column":0},"end":{"line":30,"column":52}},"30":{"start":{"line":31,"column":0},"end":{"line":31,"column":73}},"31":{"start":{"line":32,"column":0},"end":{"line":32,"column":12}},"32":{"start":{"line":33,"column":0},"end":{"line":33,"column":12}},"33":{"start":{"line":34,"column":0},"end":{"line":34,"column":27}},"34":{"start":{"line":35,"column":0},"end":{"line":35,"column":28}},"35":{"start":{"line":36,"column":0},"end":{"line":36,"column":88}},"37":{"start":{"line":38,"column":0},"end":{"line":38,"column":62}},"38":{"start":{"line":39,"column":0},"end":{"line":39,"column":11}},"39":{"start":{"line":40,"column":0},"end":{"line":40,"column":60}},"40":{"start":{"line":41,"column":0},"end":{"line":41,"column":12}},"41":{"start":{"line":42,"column":0},"end":{"line":42,"column":12}},"42":{"start":{"line":43,"column":0},"end":{"line":43,"column":86}},"43":{"start":{"line":44,"column":0},"end":{"line":44,"column":7}},"45":{"start":{"line":46,"column":0},"end":{"line":46,"column":1}},"47":{"start":{"line":48,"column":0},"end":{"line":48,"column":18}}},"s":{"0":0,"1":0,"2":0,"3":0,"4":0,"7":0,"8":0,"13":0,"14":0,"15":0,"16":0,"17":0,"18":0,"19":0,"20":0,"21":0,"23":0,"24":0,"25":0,"26":0,"27":0,"28":0,"29":0,"30":0,"31":0,"32":0,"33":0,"34":0,"35":0,"37":0,"38":0,"39":0,"40":0,"41":0,"42":0,"43":0,"45":0,"47":0},"branchMap":{"0":{"type":"branch","line":1,"loc":{"start":{"line":1,"column":787},"end":{"line":48,"column":-686}},"locations":[{"start":{"line":1,"column":787},"end":{"line":48,"column":-686}}]}},"b":{"0":[0]},"fnMap":{"0":{"name":"(empty-report)","decl":{"start":{"line":1,"column":787},"end":{"line":48,"column":-686}},"loc":{"start":{"line":1,"column":787},"end":{"line":48,"column":-686}},"line":1}},"f":{"0":0}}
,"/Users/bricepelle/Projects/ob-appsync-events-client/src/AppR.tsx": {"path":"/Users/bricepelle/Projects/ob-appsync-events-client/src/AppR.tsx","all":true,"statementMap":{"0":{"start":{"line":1,"column":0},"end":{"line":1,"column":53}},"1":{"start":{"line":2,"column":0},"end":{"line":2,"column":37}},"2":{"start":{"line":3,"column":0},"end":{"line":3,"column":41}},"3":{"start":{"line":4,"column":0},"end":{"line":4,"column":35}},"4":{"start":{"line":5,"column":0},"end":{"line":5,"column":27}},"6":{"start":{"line":7,"column":0},"end":{"line":7,"column":26}},"8":{"start":{"line":9,"column":0},"end":{"line":9,"column":32}},"9":{"start":{"line":10,"column":0},"end":{"line":10,"column":10}},"10":{"start":{"line":11,"column":0},"end":{"line":11,"column":19}},"11":{"start":{"line":12,"column":0},"end":{"line":12,"column":31}},"12":{"start":{"line":13,"column":0},"end":{"line":13,"column":22}},"13":{"start":{"line":14,"column":0},"end":{"line":14,"column":8}},"14":{"start":{"line":15,"column":0},"end":{"line":15,"column":20}},"16":{"start":{"line":17,"column":0},"end":{"line":17,"column":1}}},"s":{"0":0,"1":0,"2":0,"3":0,"4":0,"6":0,"8":0,"9":0,"10":0,"11":0,"12":0,"13":0,"14":0,"16":0},"branchMap":{"0":{"type":"branch","line":1,"loc":{"start":{"line":1,"column":338},"end":{"line":17,"column":-247}},"locations":[{"start":{"line":1,"column":338},"end":{"line":17,"column":-247}}]}},"b":{"0":[0]},"fnMap":{"0":{"name":"(empty-report)","decl":{"start":{"line":1,"column":338},"end":{"line":17,"column":-247}},"loc":{"start":{"line":1,"column":338},"end":{"line":17,"column":-247}},"line":1}},"f":{"0":0}}
,"/Users/bricepelle/Projects/ob-appsync-events-client/src/main.tsx": {"path":"/Users/bricepelle/Projects/ob-appsync-events-client/src/main.tsx","all":true,"statementMap":{"0":{"start":{"line":1,"column":0},"end":{"line":1,"column":34}},"1":{"start":{"line":2,"column":0},"end":{"line":2,"column":45}},"2":{"start":{"line":3,"column":0},"end":{"line":3,"column":20}},"3":{"start":{"line":4,"column":0},"end":{"line":4,"column":29}},"5":{"start":{"line":6,"column":0},"end":{"line":6,"column":52}},"6":{"start":{"line":7,"column":0},"end":{"line":7,"column":14}},"7":{"start":{"line":8,"column":0},"end":{"line":8,"column":12}},"8":{"start":{"line":9,"column":0},"end":{"line":9,"column":16}},"9":{"start":{"line":10,"column":0},"end":{"line":10,"column":1}}},"s":{"0":0,"1":0,"2":0,"3":0,"5":0,"6":0,"7":0,"8":0,"9":0},"branchMap":{"0":{"type":"branch","line":1,"loc":{"start":{"line":1,"column":205},"end":{"line":10,"column":-151}},"locations":[{"start":{"line":1,"column":205},"end":{"line":10,"column":-151}}]}},"b":{"0":[0]},"fnMap":{"0":{"name":"(empty-report)","decl":{"start":{"line":1,"column":205},"end":{"line":10,"column":-151}},"loc":{"start":{"line":1,"column":205},"end":{"line":10,"column":-151}},"line":1}},"f":{"0":0}}
}
